2025-11-13 10:55:34.9796||||Microsoft.Hosting.Lifetime|INFO|Application started. Press Ctrl+C to shut down. 
2025-11-13 10:55:35.1265||||Microsoft.Hosting.Lifetime|INFO|Hosting environment: Development 
2025-11-13 10:55:35.1841||||Microsoft.Hosting.Lifetime|INFO|Content root path: C:\Users\MP\source\repos\OrchardCore.Cms.Web1\OrchardCore.Cms.Web1 
2025-11-13 11:28:47.1537|Default|00-56cb27701cdc908fe9ba79c5bdb164ed-f0dc7a3187d65a9e-00||OrchardCore.Search.Lucene.Controllers.AdminController|ERROR|Error while executing query System.NullReferenceException: Object reference not set to an instance of an object.
   at Lucene.Net.Search.IndexSearcher.Rewrite(Query original)
   at Lucene.Net.Search.IndexSearcher.CreateNormalizedWeight(Query query)
   at Lucene.Net.Search.IndexSearcher.Search(Query query, Int32 n, Sort sort)
   at OrchardCore.Search.Lucene.LuceneQueryService.SearchAsync(LuceneQueryContext context, JsonObject queryObj)
   at OrchardCore.Search.Lucene.Controllers.AdminController.<>c__DisplayClass28_0.<<Query>b__0>d.MoveNext()    at Lucene.Net.Search.IndexSearcher.Rewrite(Query original)
   at Lucene.Net.Search.IndexSearcher.CreateNormalizedWeight(Query query)
   at Lucene.Net.Search.IndexSearcher.Search(Query query, Int32 n, Sort sort)
   at OrchardCore.Search.Lucene.LuceneQueryService.SearchAsync(LuceneQueryContext context, JsonObject queryObj)
   at OrchardCore.Search.Lucene.Controllers.AdminController.<>c__DisplayClass28_0.<<Query>b__0>d.MoveNext()
2025-11-13 14:21:03.5512|Default|00-794bcb6b3bc78418c74c578ff859f22f-e2e76dabeac4ac98-00||OrchardCore.Search.Lucene.Controllers.AdminController|ERROR|Error while executing query System.Text.Json.JsonReaderException: 'G' is an invalid start of a value. LineNumber: 0 | BytePositionInLine: 0.
   at System.Text.Json.ThrowHelper.ThrowJsonReaderException(Utf8JsonReader& json, ExceptionResource resource, Byte nextByte, ReadOnlySpan`1 bytes)
   at System.Text.Json.Utf8JsonReader.ConsumeValue(Byte marker)
   at System.Text.Json.Utf8JsonReader.ReadFirstToken(Byte first)
   at System.Text.Json.Utf8JsonReader.ReadSingleSegment()
   at System.Text.Json.JsonDocument.Parse(ReadOnlySpan`1 utf8JsonSpan, JsonReaderOptions readerOptions, MetadataDb& database, StackRowStack& stack)
   at System.Text.Json.JsonDocument.ParseUnrented(ReadOnlyMemory`1 utf8Json, JsonReaderOptions readerOptions, JsonTokenType tokenType)
   at System.Text.Json.JsonDocument.ParseValue(ReadOnlyMemory`1 json, JsonDocumentOptions options)
   at System.Text.Json.Nodes.JsonNode.Parse(String json, Nullable`1 nodeOptions, JsonDocumentOptions documentOptions)
   at OrchardCore.Search.Lucene.Controllers.AdminController.<>c__DisplayClass28_0.<<Query>b__0>d.MoveNext()    at System.Text.Json.ThrowHelper.ThrowJsonReaderException(Utf8JsonReader& json, ExceptionResource resource, Byte nextByte, ReadOnlySpan`1 bytes)
   at System.Text.Json.Utf8JsonReader.ConsumeValue(Byte marker)
   at System.Text.Json.Utf8JsonReader.ReadFirstToken(Byte first)
   at System.Text.Json.Utf8JsonReader.ReadSingleSegment()
   at System.Text.Json.JsonDocument.Parse(ReadOnlySpan`1 utf8JsonSpan, JsonReaderOptions readerOptions, MetadataDb& database, StackRowStack& stack)
   at System.Text.Json.JsonDocument.ParseUnrented(ReadOnlyMemory`1 utf8Json, JsonReaderOptions readerOptions, JsonTokenType tokenType)
   at System.Text.Json.JsonDocument.ParseValue(ReadOnlyMemory`1 json, JsonDocumentOptions options)
   at System.Text.Json.Nodes.JsonNode.Parse(String json, Nullable`1 nodeOptions, JsonDocumentOptions documentOptions)
   at OrchardCore.Search.Lucene.Controllers.AdminController.<>c__DisplayClass28_0.<<Query>b__0>d.MoveNext()
2025-11-13 14:21:13.5370|Default|00-222f974099a61796b3b8d1ea603d1ae0-c9dfdcdd7f7e5f29-00||OrchardCore.Search.Lucene.Controllers.AdminController|ERROR|Error while executing query System.InvalidOperationException: The node must be of type 'JsonObject'.
   at System.Text.Json.ThrowHelper.ThrowInvalidOperationException_NodeWrongType(String typeName)
   at System.Text.Json.Nodes.JsonNode.AsObject()
   at OrchardCore.Search.Lucene.QueryProviders.BooleanQueryProvider.CreateFilteredQuery(ILuceneQueryService builder, LuceneQueryContext context, Query query, JsonNode filter)
   at OrchardCore.Search.Lucene.QueryProviders.BooleanQueryProvider.CreateQuery(ILuceneQueryService builder, LuceneQueryContext context, String type, JsonObject query)
   at OrchardCore.Search.Lucene.LuceneQueryService.CreateQueryFragment(LuceneQueryContext context, JsonObject queryObj)
   at OrchardCore.Search.Lucene.LuceneQueryService.SearchAsync(LuceneQueryContext context, JsonObject queryObj)
   at OrchardCore.Search.Lucene.Controllers.AdminController.<>c__DisplayClass28_0.<<Query>b__0>d.MoveNext()    at System.Text.Json.ThrowHelper.ThrowInvalidOperationException_NodeWrongType(String typeName)
   at System.Text.Json.Nodes.JsonNode.AsObject()
   at OrchardCore.Search.Lucene.QueryProviders.BooleanQueryProvider.CreateFilteredQuery(ILuceneQueryService builder, LuceneQueryContext context, Query query, JsonNode filter)
   at OrchardCore.Search.Lucene.QueryProviders.BooleanQueryProvider.CreateQuery(ILuceneQueryService builder, LuceneQueryContext context, String type, JsonObject query)
   at OrchardCore.Search.Lucene.LuceneQueryService.CreateQueryFragment(LuceneQueryContext context, JsonObject queryObj)
   at OrchardCore.Search.Lucene.LuceneQueryService.SearchAsync(LuceneQueryContext context, JsonObject queryObj)
   at OrchardCore.Search.Lucene.Controllers.AdminController.<>c__DisplayClass28_0.<<Query>b__0>d.MoveNext()
2025-11-13 14:21:59.8404|Default|00-aa2d032622cf29646a3d79cb3b5c54a0-742a1be556fb8a82-00||OrchardCore.Search.Lucene.Controllers.AdminController|ERROR|Error while executing query System.NullReferenceException: Object reference not set to an instance of an object.
   at OrchardCore.Search.Lucene.LuceneQueryService.SearchAsync(LuceneQueryContext context, JsonObject queryObj)
   at OrchardCore.Search.Lucene.Controllers.AdminController.<>c__DisplayClass28_0.<<Query>b__0>d.MoveNext()    at OrchardCore.Search.Lucene.LuceneQueryService.SearchAsync(LuceneQueryContext context, JsonObject queryObj)
   at OrchardCore.Search.Lucene.Controllers.AdminController.<>c__DisplayClass28_0.<<Query>b__0>d.MoveNext()
2025-11-13 14:22:46.0463|Default|00-f22f652b7494e31540ba3c021b79ed8a-70410a24785bd7e0-00|1|Microsoft.AspNetCore.Diagnostics.DeveloperExceptionPageMiddleware|ERROR|An unhandled exception has occurred while executing the request. System.Text.Json.JsonException: 'N' is an invalid start of a property name. Expected a '"'. Path: $ | LineNumber: 0 | BytePositionInLine: 1.
 ---> System.Text.Json.JsonReaderException: 'N' is an invalid start of a property name. Expected a '"'. LineNumber: 0 | BytePositionInLine: 1.
   at System.Text.Json.ThrowHelper.ThrowJsonReaderException(Utf8JsonReader& json, ExceptionResource resource, Byte nextByte, ReadOnlySpan`1 bytes)
   at System.Text.Json.Utf8JsonReader.ReadSingleSegment()
   at System.Text.Json.Serialization.JsonDictionaryConverter`3.OnTryRead(Utf8JsonReader& reader, Type typeToConvert, JsonSerializerOptions options, ReadStack& state, TDictionary& value)
   at System.Text.Json.Serialization.JsonConverter`1.TryRead(Utf8JsonReader& reader, Type typeToConvert, JsonSerializerOptions options, ReadStack& state, T& value, Boolean& isPopulatedValue)
   at System.Text.Json.Serialization.JsonConverter`1.ReadCore(Utf8JsonReader& reader, JsonSerializerOptions options, ReadStack& state)
   --- End of inner exception stack trace ---
   at System.Text.Json.ThrowHelper.ReThrowWithPath(ReadStack& state, JsonReaderException ex)
   at System.Text.Json.Serialization.JsonConverter`1.ReadCore(Utf8JsonReader& reader, JsonSerializerOptions options, ReadStack& state)
   at System.Text.Json.JsonSerializer.ReadFromSpan[TValue](ReadOnlySpan`1 json, JsonTypeInfo`1 jsonTypeInfo)
   at System.Text.Json.JsonSerializer.Deserialize[TValue](String json, JsonSerializerOptions options)
   at OrchardCore.Search.Lucene.Controllers.AdminController.<>c__DisplayClass28_0.<<Query>b__0>d.MoveNext()
--- End of stack trace from previous location ---
   at OrchardCore.Search.Lucene.LuceneIndexManager.SearchAsync(String indexName, Func`2 searcher)
   at OrchardCore.Search.Lucene.Controllers.AdminController.Query(AdminQueryViewModel model)
   at Microsoft.AspNetCore.Mvc.Infrastructure.ActionMethodExecutor.TaskOfIActionResultExecutor.Execute(ActionContext actionContext, IActionResultTypeMapper mapper, ObjectMethodExecutor executor, Object controller, Object[] arguments)
   at Microsoft.AspNetCore.Mvc.Infrastructure.ControllerActionInvoker.<InvokeActionMethodAsync>g__Awaited|12_0(ControllerActionInvoker invoker, ValueTask`1 actionResultValueTask)
   at Microsoft.AspNetCore.Mvc.Infrastructure.ControllerActionInvoker.<InvokeNextActionFilterAsync>g__Awaited|10_0(ControllerActionInvoker invoker, Task lastTask, State next, Scope scope, Object state, Boolean isCompleted)
   at Microsoft.AspNetCore.Mvc.Infrastructure.ControllerActionInvoker.Rethrow(ActionExecutedContextSealed context)
   at Microsoft.AspNetCore.Mvc.Infrastructure.ControllerActionInvoker.Next(State& next, Scope& scope, Object& state, Boolean& isCompleted)
   at Microsoft.AspNetCore.Mvc.Infrastructure.ControllerActionInvoker.InvokeInnerFilterAsync()
--- End of stack trace from previous location ---
   at Microsoft.AspNetCore.Mvc.Infrastructure.ResourceInvoker.<InvokeNextResourceFilter>g__Awaited|25_0(ResourceInvoker invoker, Task lastTask, State next, Scope scope, Object state, Boolean isCompleted)
   at Microsoft.AspNetCore.Mvc.Infrastructure.ResourceInvoker.Rethrow(ResourceExecutedContextSealed context)
   at Microsoft.AspNetCore.Mvc.Infrastructure.ResourceInvoker.Next(State& next, Scope& scope, Object& state, Boolean& isCompleted)
   at Microsoft.AspNetCore.Mvc.Infrastructure.ResourceInvoker.InvokeFilterPipelineAsync()
--- End of stack trace from previous location ---
   at Microsoft.AspNetCore.Mvc.Infrastructure.ResourceInvoker.<InvokeAsync>g__Awaited|17_0(ResourceInvoker invoker, Task task, IDisposable scope)
   at Microsoft.AspNetCore.Mvc.Infrastructure.ResourceInvoker.<InvokeAsync>g__Awaited|17_0(ResourceInvoker invoker, Task task, IDisposable scope)
   at SixLabors.ImageSharp.Web.Middleware.ImageSharpMiddleware.Invoke(HttpContext httpContext, Boolean retry)
   at Microsoft.AspNetCore.Authorization.AuthorizationMiddleware.Invoke(HttpContext context)
   at OrchardCore.Liquid.ScriptsMiddleware.Invoke(HttpContext httpContext)
   at Microsoft.AspNetCore.Authentication.AuthenticationMiddleware.Invoke(HttpContext context)
   at OrchardCore.Diagnostics.DiagnosticsStartupFilter.<>c__DisplayClass3_0.<<Configure>b__1>d.MoveNext()
--- End of stack trace from previous location ---
   at Microsoft.AspNetCore.Diagnostics.StatusCodePagesMiddleware.Invoke(HttpContext context)
   at OrchardCore.ContentPreview.PreviewStartupFilter.<>c.<<Configure>b__0_1>d.MoveNext()
--- End of stack trace from previous location ---
   at OrchardCore.Users.Services.ExternalAuthenticationsStartupFilter.<>c.<<Configure>b__0_1>d.MoveNext()
--- End of stack trace from previous location ---
   at OrchardCore.Modules.ModularTenantRouterMiddleware.Invoke(HttpContext httpContext)
   at OrchardCore.Modules.ModularTenantContainerMiddleware.<>c__DisplayClass4_0.<<Invoke>b__0>d.MoveNext()
--- End of stack trace from previous location ---
   at OrchardCore.Environment.Shell.Scope.ShellScope.UsingAsync(Func`2 execute, Boolean activateShell)
   at OrchardCore.Environment.Shell.Scope.ShellScope.UsingAsync(Func`2 execute, Boolean activateShell)
   at OrchardCore.Environment.Shell.Scope.ShellScope.UsingAsync(Func`2 execute, Boolean activateShell)
   at OrchardCore.Environment.Shell.Scope.ShellScope.UsingAsync(Func`2 execute, Boolean activateShell)
   at OrchardCore.Environment.Shell.Scope.ShellScope.UsingAsync(Func`2 execute, Boolean activateShell)
   at OrchardCore.Modules.ModularTenantContainerMiddleware.Invoke(HttpContext httpContext)
   at Microsoft.AspNetCore.Authentication.AuthenticationMiddleware.Invoke(HttpContext context)
   at Microsoft.AspNetCore.Diagnostics.DeveloperExceptionPageMiddlewareImpl.Invoke(HttpContext context)    at System.Text.Json.ThrowHelper.ReThrowWithPath(ReadStack& state, JsonReaderException ex)
   at System.Text.Json.Serialization.JsonConverter`1.ReadCore(Utf8JsonReader& reader, JsonSerializerOptions options, ReadStack& state)
   at System.Text.Json.JsonSerializer.ReadFromSpan[TValue](ReadOnlySpan`1 json, JsonTypeInfo`1 jsonTypeInfo)
   at System.Text.Json.JsonSerializer.Deserialize[TValue](String json, JsonSerializerOptions options)
   at OrchardCore.Search.Lucene.Controllers.AdminController.<>c__DisplayClass28_0.<<Query>b__0>d.MoveNext()
--- End of stack trace from previous location ---
   at OrchardCore.Search.Lucene.LuceneIndexManager.SearchAsync(String indexName, Func`2 searcher)
   at OrchardCore.Search.Lucene.Controllers.AdminController.Query(AdminQueryViewModel model)
   at Microsoft.AspNetCore.Mvc.Infrastructure.ActionMethodExecutor.TaskOfIActionResultExecutor.Execute(ActionContext actionContext, IActionResultTypeMapper mapper, ObjectMethodExecutor executor, Object controller, Object[] arguments)
   at Microsoft.AspNetCore.Mvc.Infrastructure.ControllerActionInvoker.<InvokeActionMethodAsync>g__Awaited|12_0(ControllerActionInvoker invoker, ValueTask`1 actionResultValueTask)
   at Microsoft.AspNetCore.Mvc.Infrastructure.ControllerActionInvoker.<InvokeNextActionFilterAsync>g__Awaited|10_0(ControllerActionInvoker invoker, Task lastTask, State next, Scope scope, Object state, Boolean isCompleted)
   at Microsoft.AspNetCore.Mvc.Infrastructure.ControllerActionInvoker.Rethrow(ActionExecutedContextSealed context)
   at Microsoft.AspNetCore.Mvc.Infrastructure.ControllerActionInvoker.Next(State& next, Scope& scope, Object& state, Boolean& isCompleted)
   at Microsoft.AspNetCore.Mvc.Infrastructure.ControllerActionInvoker.InvokeInnerFilterAsync()
--- End of stack trace from previous location ---
   at Microsoft.AspNetCore.Mvc.Infrastructure.ResourceInvoker.<InvokeNextResourceFilter>g__Awaited|25_0(ResourceInvoker invoker, Task lastTask, State next, Scope scope, Object state, Boolean isCompleted)
   at Microsoft.AspNetCore.Mvc.Infrastructure.ResourceInvoker.Rethrow(ResourceExecutedContextSealed context)
   at Microsoft.AspNetCore.Mvc.Infrastructure.ResourceInvoker.Next(State& next, Scope& scope, Object& state, Boolean& isCompleted)
   at Microsoft.AspNetCore.Mvc.Infrastructure.ResourceInvoker.InvokeFilterPipelineAsync()
--- End of stack trace from previous location ---
   at Microsoft.AspNetCore.Mvc.Infrastructure.ResourceInvoker.<InvokeAsync>g__Awaited|17_0(ResourceInvoker invoker, Task task, IDisposable scope)
   at Microsoft.AspNetCore.Mvc.Infrastructure.ResourceInvoker.<InvokeAsync>g__Awaited|17_0(ResourceInvoker invoker, Task task, IDisposable scope)
   at SixLabors.ImageSharp.Web.Middleware.ImageSharpMiddleware.Invoke(HttpContext httpContext, Boolean retry)
   at Microsoft.AspNetCore.Authorization.AuthorizationMiddleware.Invoke(HttpContext context)
   at OrchardCore.Liquid.ScriptsMiddleware.Invoke(HttpContext httpContext)
   at Microsoft.AspNetCore.Authentication.AuthenticationMiddleware.Invoke(HttpContext context)
   at OrchardCore.Diagnostics.DiagnosticsStartupFilter.<>c__DisplayClass3_0.<<Configure>b__1>d.MoveNext()
--- End of stack trace from previous location ---
   at Microsoft.AspNetCore.Diagnostics.StatusCodePagesMiddleware.Invoke(HttpContext context)
   at OrchardCore.ContentPreview.PreviewStartupFilter.<>c.<<Configure>b__0_1>d.MoveNext()
--- End of stack trace from previous location ---
   at OrchardCore.Users.Services.ExternalAuthenticationsStartupFilter.<>c.<<Configure>b__0_1>d.MoveNext()
--- End of stack trace from previous location ---
   at OrchardCore.Modules.ModularTenantRouterMiddleware.Invoke(HttpContext httpContext)
   at OrchardCore.Modules.ModularTenantContainerMiddleware.<>c__DisplayClass4_0.<<Invoke>b__0>d.MoveNext()
--- End of stack trace from previous location ---
   at OrchardCore.Environment.Shell.Scope.ShellScope.UsingAsync(Func`2 execute, Boolean activateShell)
   at OrchardCore.Environment.Shell.Scope.ShellScope.UsingAsync(Func`2 execute, Boolean activateShell)
   at OrchardCore.Environment.Shell.Scope.ShellScope.UsingAsync(Func`2 execute, Boolean activateShell)
   at OrchardCore.Environment.Shell.Scope.ShellScope.UsingAsync(Func`2 execute, Boolean activateShell)
   at OrchardCore.Environment.Shell.Scope.ShellScope.UsingAsync(Func`2 execute, Boolean activateShell)
   at OrchardCore.Modules.ModularTenantContainerMiddleware.Invoke(HttpContext httpContext)
   at Microsoft.AspNetCore.Authentication.AuthenticationMiddleware.Invoke(HttpContext context)
   at Microsoft.AspNetCore.Diagnostics.DeveloperExceptionPageMiddlewareImpl.Invoke(HttpContext context)
2025-11-13 14:22:55.3122|Default|00-44b9548df9e6054aaca01ed242083920-5de95fa0ac5406d4-00||OrchardCore.Search.Lucene.Controllers.AdminController|ERROR|Error while executing query System.Text.Json.JsonReaderException: 'G' is an invalid start of a value. LineNumber: 0 | BytePositionInLine: 0.
   at System.Text.Json.ThrowHelper.ThrowJsonReaderException(Utf8JsonReader& json, ExceptionResource resource, Byte nextByte, ReadOnlySpan`1 bytes)
   at System.Text.Json.Utf8JsonReader.ConsumeValue(Byte marker)
   at System.Text.Json.Utf8JsonReader.ReadFirstToken(Byte first)
   at System.Text.Json.Utf8JsonReader.ReadSingleSegment()
   at System.Text.Json.JsonDocument.Parse(ReadOnlySpan`1 utf8JsonSpan, JsonReaderOptions readerOptions, MetadataDb& database, StackRowStack& stack)
   at System.Text.Json.JsonDocument.ParseUnrented(ReadOnlyMemory`1 utf8Json, JsonReaderOptions readerOptions, JsonTokenType tokenType)
   at System.Text.Json.JsonDocument.ParseValue(ReadOnlyMemory`1 json, JsonDocumentOptions options)
   at System.Text.Json.Nodes.JsonNode.Parse(String json, Nullable`1 nodeOptions, JsonDocumentOptions documentOptions)
   at OrchardCore.Search.Lucene.Controllers.AdminController.<>c__DisplayClass28_0.<<Query>b__0>d.MoveNext()    at System.Text.Json.ThrowHelper.ThrowJsonReaderException(Utf8JsonReader& json, ExceptionResource resource, Byte nextByte, ReadOnlySpan`1 bytes)
   at System.Text.Json.Utf8JsonReader.ConsumeValue(Byte marker)
   at System.Text.Json.Utf8JsonReader.ReadFirstToken(Byte first)
   at System.Text.Json.Utf8JsonReader.ReadSingleSegment()
   at System.Text.Json.JsonDocument.Parse(ReadOnlySpan`1 utf8JsonSpan, JsonReaderOptions readerOptions, MetadataDb& database, StackRowStack& stack)
   at System.Text.Json.JsonDocument.ParseUnrented(ReadOnlyMemory`1 utf8Json, JsonReaderOptions readerOptions, JsonTokenType tokenType)
   at System.Text.Json.JsonDocument.ParseValue(ReadOnlyMemory`1 json, JsonDocumentOptions options)
   at System.Text.Json.Nodes.JsonNode.Parse(String json, Nullable`1 nodeOptions, JsonDocumentOptions documentOptions)
   at OrchardCore.Search.Lucene.Controllers.AdminController.<>c__DisplayClass28_0.<<Query>b__0>d.MoveNext()
2025-11-13 14:23:09.8235|Default|00-6315e87df24e573034322788346c6335-e346326b284c7680-00||OrchardCore.Search.Lucene.Controllers.AdminController|ERROR|Error while executing query System.NullReferenceException: Object reference not set to an instance of an object.
   at OrchardCore.Search.Lucene.LuceneQueryService.SearchAsync(LuceneQueryContext context, JsonObject queryObj)
   at OrchardCore.Search.Lucene.Controllers.AdminController.<>c__DisplayClass28_0.<<Query>b__0>d.MoveNext()    at OrchardCore.Search.Lucene.LuceneQueryService.SearchAsync(LuceneQueryContext context, JsonObject queryObj)
   at OrchardCore.Search.Lucene.Controllers.AdminController.<>c__DisplayClass28_0.<<Query>b__0>d.MoveNext()
2025-11-13 14:23:22.3574|Default|00-c6892194ef9bfbb8d1acb5303bd6f769-f27c4059f251b1f7-00|1|Microsoft.AspNetCore.Diagnostics.DeveloperExceptionPageMiddleware|ERROR|An unhandled exception has occurred while executing the request. System.Text.Json.JsonException: 'N' is an invalid start of a property name. Expected a '"'. Path: $ | LineNumber: 0 | BytePositionInLine: 2.
 ---> System.Text.Json.JsonReaderException: 'N' is an invalid start of a property name. Expected a '"'. LineNumber: 0 | BytePositionInLine: 2.
   at System.Text.Json.ThrowHelper.ThrowJsonReaderException(Utf8JsonReader& json, ExceptionResource resource, Byte nextByte, ReadOnlySpan`1 bytes)
   at System.Text.Json.Utf8JsonReader.ReadSingleSegment()
   at System.Text.Json.Serialization.JsonDictionaryConverter`3.OnTryRead(Utf8JsonReader& reader, Type typeToConvert, JsonSerializerOptions options, ReadStack& state, TDictionary& value)
   at System.Text.Json.Serialization.JsonConverter`1.TryRead(Utf8JsonReader& reader, Type typeToConvert, JsonSerializerOptions options, ReadStack& state, T& value, Boolean& isPopulatedValue)
   at System.Text.Json.Serialization.JsonConverter`1.ReadCore(Utf8JsonReader& reader, JsonSerializerOptions options, ReadStack& state)
   --- End of inner exception stack trace ---
   at System.Text.Json.ThrowHelper.ReThrowWithPath(ReadStack& state, JsonReaderException ex)
   at System.Text.Json.Serialization.JsonConverter`1.ReadCore(Utf8JsonReader& reader, JsonSerializerOptions options, ReadStack& state)
   at System.Text.Json.JsonSerializer.ReadFromSpan[TValue](ReadOnlySpan`1 json, JsonTypeInfo`1 jsonTypeInfo)
   at System.Text.Json.JsonSerializer.Deserialize[TValue](String json, JsonSerializerOptions options)
   at OrchardCore.Search.Lucene.Controllers.AdminController.<>c__DisplayClass28_0.<<Query>b__0>d.MoveNext()
--- End of stack trace from previous location ---
   at OrchardCore.Search.Lucene.LuceneIndexManager.SearchAsync(String indexName, Func`2 searcher)
   at OrchardCore.Search.Lucene.Controllers.AdminController.Query(AdminQueryViewModel model)
   at Microsoft.AspNetCore.Mvc.Infrastructure.ActionMethodExecutor.TaskOfIActionResultExecutor.Execute(ActionContext actionContext, IActionResultTypeMapper mapper, ObjectMethodExecutor executor, Object controller, Object[] arguments)
   at Microsoft.AspNetCore.Mvc.Infrastructure.ControllerActionInvoker.<InvokeActionMethodAsync>g__Awaited|12_0(ControllerActionInvoker invoker, ValueTask`1 actionResultValueTask)
   at Microsoft.AspNetCore.Mvc.Infrastructure.ControllerActionInvoker.<InvokeNextActionFilterAsync>g__Awaited|10_0(ControllerActionInvoker invoker, Task lastTask, State next, Scope scope, Object state, Boolean isCompleted)
   at Microsoft.AspNetCore.Mvc.Infrastructure.ControllerActionInvoker.Rethrow(ActionExecutedContextSealed context)
   at Microsoft.AspNetCore.Mvc.Infrastructure.ControllerActionInvoker.Next(State& next, Scope& scope, Object& state, Boolean& isCompleted)
   at Microsoft.AspNetCore.Mvc.Infrastructure.ControllerActionInvoker.InvokeInnerFilterAsync()
--- End of stack trace from previous location ---
   at Microsoft.AspNetCore.Mvc.Infrastructure.ResourceInvoker.<InvokeNextResourceFilter>g__Awaited|25_0(ResourceInvoker invoker, Task lastTask, State next, Scope scope, Object state, Boolean isCompleted)
   at Microsoft.AspNetCore.Mvc.Infrastructure.ResourceInvoker.Rethrow(ResourceExecutedContextSealed context)
   at Microsoft.AspNetCore.Mvc.Infrastructure.ResourceInvoker.Next(State& next, Scope& scope, Object& state, Boolean& isCompleted)
   at Microsoft.AspNetCore.Mvc.Infrastructure.ResourceInvoker.InvokeFilterPipelineAsync()
--- End of stack trace from previous location ---
   at Microsoft.AspNetCore.Mvc.Infrastructure.ResourceInvoker.<InvokeAsync>g__Awaited|17_0(ResourceInvoker invoker, Task task, IDisposable scope)
   at Microsoft.AspNetCore.Mvc.Infrastructure.ResourceInvoker.<InvokeAsync>g__Awaited|17_0(ResourceInvoker invoker, Task task, IDisposable scope)
   at SixLabors.ImageSharp.Web.Middleware.ImageSharpMiddleware.Invoke(HttpContext httpContext, Boolean retry)
   at Microsoft.AspNetCore.Authorization.AuthorizationMiddleware.Invoke(HttpContext context)
   at OrchardCore.Liquid.ScriptsMiddleware.Invoke(HttpContext httpContext)
   at Microsoft.AspNetCore.Authentication.AuthenticationMiddleware.Invoke(HttpContext context)
   at OrchardCore.Diagnostics.DiagnosticsStartupFilter.<>c__DisplayClass3_0.<<Configure>b__1>d.MoveNext()
--- End of stack trace from previous location ---
   at Microsoft.AspNetCore.Diagnostics.StatusCodePagesMiddleware.Invoke(HttpContext context)
   at OrchardCore.ContentPreview.PreviewStartupFilter.<>c.<<Configure>b__0_1>d.MoveNext()
--- End of stack trace from previous location ---
   at OrchardCore.Users.Services.ExternalAuthenticationsStartupFilter.<>c.<<Configure>b__0_1>d.MoveNext()
--- End of stack trace from previous location ---
   at OrchardCore.Modules.ModularTenantRouterMiddleware.Invoke(HttpContext httpContext)
   at OrchardCore.Modules.ModularTenantContainerMiddleware.<>c__DisplayClass4_0.<<Invoke>b__0>d.MoveNext()
--- End of stack trace from previous location ---
   at OrchardCore.Environment.Shell.Scope.ShellScope.UsingAsync(Func`2 execute, Boolean activateShell)
   at OrchardCore.Environment.Shell.Scope.ShellScope.UsingAsync(Func`2 execute, Boolean activateShell)
   at OrchardCore.Environment.Shell.Scope.ShellScope.UsingAsync(Func`2 execute, Boolean activateShell)
   at OrchardCore.Environment.Shell.Scope.ShellScope.UsingAsync(Func`2 execute, Boolean activateShell)
   at OrchardCore.Environment.Shell.Scope.ShellScope.UsingAsync(Func`2 execute, Boolean activateShell)
   at OrchardCore.Modules.ModularTenantContainerMiddleware.Invoke(HttpContext httpContext)
   at Microsoft.AspNetCore.Authentication.AuthenticationMiddleware.Invoke(HttpContext context)
   at Microsoft.AspNetCore.Diagnostics.DeveloperExceptionPageMiddlewareImpl.Invoke(HttpContext context)    at System.Text.Json.ThrowHelper.ReThrowWithPath(ReadStack& state, JsonReaderException ex)
   at System.Text.Json.Serialization.JsonConverter`1.ReadCore(Utf8JsonReader& reader, JsonSerializerOptions options, ReadStack& state)
   at System.Text.Json.JsonSerializer.ReadFromSpan[TValue](ReadOnlySpan`1 json, JsonTypeInfo`1 jsonTypeInfo)
   at System.Text.Json.JsonSerializer.Deserialize[TValue](String json, JsonSerializerOptions options)
   at OrchardCore.Search.Lucene.Controllers.AdminController.<>c__DisplayClass28_0.<<Query>b__0>d.MoveNext()
--- End of stack trace from previous location ---
   at OrchardCore.Search.Lucene.LuceneIndexManager.SearchAsync(String indexName, Func`2 searcher)
   at OrchardCore.Search.Lucene.Controllers.AdminController.Query(AdminQueryViewModel model)
   at Microsoft.AspNetCore.Mvc.Infrastructure.ActionMethodExecutor.TaskOfIActionResultExecutor.Execute(ActionContext actionContext, IActionResultTypeMapper mapper, ObjectMethodExecutor executor, Object controller, Object[] arguments)
   at Microsoft.AspNetCore.Mvc.Infrastructure.ControllerActionInvoker.<InvokeActionMethodAsync>g__Awaited|12_0(ControllerActionInvoker invoker, ValueTask`1 actionResultValueTask)
   at Microsoft.AspNetCore.Mvc.Infrastructure.ControllerActionInvoker.<InvokeNextActionFilterAsync>g__Awaited|10_0(ControllerActionInvoker invoker, Task lastTask, State next, Scope scope, Object state, Boolean isCompleted)
   at Microsoft.AspNetCore.Mvc.Infrastructure.ControllerActionInvoker.Rethrow(ActionExecutedContextSealed context)
   at Microsoft.AspNetCore.Mvc.Infrastructure.ControllerActionInvoker.Next(State& next, Scope& scope, Object& state, Boolean& isCompleted)
   at Microsoft.AspNetCore.Mvc.Infrastructure.ControllerActionInvoker.InvokeInnerFilterAsync()
--- End of stack trace from previous location ---
   at Microsoft.AspNetCore.Mvc.Infrastructure.ResourceInvoker.<InvokeNextResourceFilter>g__Awaited|25_0(ResourceInvoker invoker, Task lastTask, State next, Scope scope, Object state, Boolean isCompleted)
   at Microsoft.AspNetCore.Mvc.Infrastructure.ResourceInvoker.Rethrow(ResourceExecutedContextSealed context)
   at Microsoft.AspNetCore.Mvc.Infrastructure.ResourceInvoker.Next(State& next, Scope& scope, Object& state, Boolean& isCompleted)
   at Microsoft.AspNetCore.Mvc.Infrastructure.ResourceInvoker.InvokeFilterPipelineAsync()
--- End of stack trace from previous location ---
   at Microsoft.AspNetCore.Mvc.Infrastructure.ResourceInvoker.<InvokeAsync>g__Awaited|17_0(ResourceInvoker invoker, Task task, IDisposable scope)
   at Microsoft.AspNetCore.Mvc.Infrastructure.ResourceInvoker.<InvokeAsync>g__Awaited|17_0(ResourceInvoker invoker, Task task, IDisposable scope)
   at SixLabors.ImageSharp.Web.Middleware.ImageSharpMiddleware.Invoke(HttpContext httpContext, Boolean retry)
   at Microsoft.AspNetCore.Authorization.AuthorizationMiddleware.Invoke(HttpContext context)
   at OrchardCore.Liquid.ScriptsMiddleware.Invoke(HttpContext httpContext)
   at Microsoft.AspNetCore.Authentication.AuthenticationMiddleware.Invoke(HttpContext context)
   at OrchardCore.Diagnostics.DiagnosticsStartupFilter.<>c__DisplayClass3_0.<<Configure>b__1>d.MoveNext()
--- End of stack trace from previous location ---
   at Microsoft.AspNetCore.Diagnostics.StatusCodePagesMiddleware.Invoke(HttpContext context)
   at OrchardCore.ContentPreview.PreviewStartupFilter.<>c.<<Configure>b__0_1>d.MoveNext()
--- End of stack trace from previous location ---
   at OrchardCore.Users.Services.ExternalAuthenticationsStartupFilter.<>c.<<Configure>b__0_1>d.MoveNext()
--- End of stack trace from previous location ---
   at OrchardCore.Modules.ModularTenantRouterMiddleware.Invoke(HttpContext httpContext)
   at OrchardCore.Modules.ModularTenantContainerMiddleware.<>c__DisplayClass4_0.<<Invoke>b__0>d.MoveNext()
--- End of stack trace from previous location ---
   at OrchardCore.Environment.Shell.Scope.ShellScope.UsingAsync(Func`2 execute, Boolean activateShell)
   at OrchardCore.Environment.Shell.Scope.ShellScope.UsingAsync(Func`2 execute, Boolean activateShell)
   at OrchardCore.Environment.Shell.Scope.ShellScope.UsingAsync(Func`2 execute, Boolean activateShell)
   at OrchardCore.Environment.Shell.Scope.ShellScope.UsingAsync(Func`2 execute, Boolean activateShell)
   at OrchardCore.Environment.Shell.Scope.ShellScope.UsingAsync(Func`2 execute, Boolean activateShell)
   at OrchardCore.Modules.ModularTenantContainerMiddleware.Invoke(HttpContext httpContext)
   at Microsoft.AspNetCore.Authentication.AuthenticationMiddleware.Invoke(HttpContext context)
   at Microsoft.AspNetCore.Diagnostics.DeveloperExceptionPageMiddlewareImpl.Invoke(HttpContext context)
2025-11-13 14:23:24.3338|Default|00-94a4c11e2c1cff518b6ad0dee8d4b254-666e886846030113-00||OrchardCore.Search.Lucene.Controllers.AdminController|ERROR|Error while executing query System.NullReferenceException: Object reference not set to an instance of an object.
   at OrchardCore.Search.Lucene.LuceneQueryService.SearchAsync(LuceneQueryContext context, JsonObject queryObj)
   at OrchardCore.Search.Lucene.Controllers.AdminController.<>c__DisplayClass28_0.<<Query>b__0>d.MoveNext()    at OrchardCore.Search.Lucene.LuceneQueryService.SearchAsync(LuceneQueryContext context, JsonObject queryObj)
   at OrchardCore.Search.Lucene.Controllers.AdminController.<>c__DisplayClass28_0.<<Query>b__0>d.MoveNext()
2025-11-13 14:23:27.2881|Default|00-4c540a0c7ef0a95e842a9a26645add72-96bb8f48248cadc0-00|1|Microsoft.AspNetCore.Diagnostics.DeveloperExceptionPageMiddleware|ERROR|An unhandled exception has occurred while executing the request. System.Text.Json.JsonException: 'N' is an invalid start of a property name. Expected a '"'. Path: $ | LineNumber: 0 | BytePositionInLine: 2.
 ---> System.Text.Json.JsonReaderException: 'N' is an invalid start of a property name. Expected a '"'. LineNumber: 0 | BytePositionInLine: 2.
   at System.Text.Json.ThrowHelper.ThrowJsonReaderException(Utf8JsonReader& json, ExceptionResource resource, Byte nextByte, ReadOnlySpan`1 bytes)
   at System.Text.Json.Utf8JsonReader.ReadSingleSegment()
   at System.Text.Json.Serialization.JsonDictionaryConverter`3.OnTryRead(Utf8JsonReader& reader, Type typeToConvert, JsonSerializerOptions options, ReadStack& state, TDictionary& value)
   at System.Text.Json.Serialization.JsonConverter`1.TryRead(Utf8JsonReader& reader, Type typeToConvert, JsonSerializerOptions options, ReadStack& state, T& value, Boolean& isPopulatedValue)
   at System.Text.Json.Serialization.JsonConverter`1.ReadCore(Utf8JsonReader& reader, JsonSerializerOptions options, ReadStack& state)
   --- End of inner exception stack trace ---
   at System.Text.Json.ThrowHelper.ReThrowWithPath(ReadStack& state, JsonReaderException ex)
   at System.Text.Json.Serialization.JsonConverter`1.ReadCore(Utf8JsonReader& reader, JsonSerializerOptions options, ReadStack& state)
   at System.Text.Json.JsonSerializer.ReadFromSpan[TValue](ReadOnlySpan`1 json, JsonTypeInfo`1 jsonTypeInfo)
   at System.Text.Json.JsonSerializer.Deserialize[TValue](String json, JsonSerializerOptions options)
   at OrchardCore.Search.Lucene.Controllers.AdminController.<>c__DisplayClass28_0.<<Query>b__0>d.MoveNext()
--- End of stack trace from previous location ---
   at OrchardCore.Search.Lucene.LuceneIndexManager.SearchAsync(String indexName, Func`2 searcher)
   at OrchardCore.Search.Lucene.Controllers.AdminController.Query(AdminQueryViewModel model)
   at Microsoft.AspNetCore.Mvc.Infrastructure.ActionMethodExecutor.TaskOfIActionResultExecutor.Execute(ActionContext actionContext, IActionResultTypeMapper mapper, ObjectMethodExecutor executor, Object controller, Object[] arguments)
   at Microsoft.AspNetCore.Mvc.Infrastructure.ControllerActionInvoker.<InvokeActionMethodAsync>g__Awaited|12_0(ControllerActionInvoker invoker, ValueTask`1 actionResultValueTask)
   at Microsoft.AspNetCore.Mvc.Infrastructure.ControllerActionInvoker.<InvokeNextActionFilterAsync>g__Awaited|10_0(ControllerActionInvoker invoker, Task lastTask, State next, Scope scope, Object state, Boolean isCompleted)
   at Microsoft.AspNetCore.Mvc.Infrastructure.ControllerActionInvoker.Rethrow(ActionExecutedContextSealed context)
   at Microsoft.AspNetCore.Mvc.Infrastructure.ControllerActionInvoker.Next(State& next, Scope& scope, Object& state, Boolean& isCompleted)
   at Microsoft.AspNetCore.Mvc.Infrastructure.ControllerActionInvoker.InvokeInnerFilterAsync()
--- End of stack trace from previous location ---
   at Microsoft.AspNetCore.Mvc.Infrastructure.ResourceInvoker.<InvokeNextResourceFilter>g__Awaited|25_0(ResourceInvoker invoker, Task lastTask, State next, Scope scope, Object state, Boolean isCompleted)
   at Microsoft.AspNetCore.Mvc.Infrastructure.ResourceInvoker.Rethrow(ResourceExecutedContextSealed context)
   at Microsoft.AspNetCore.Mvc.Infrastructure.ResourceInvoker.Next(State& next, Scope& scope, Object& state, Boolean& isCompleted)
   at Microsoft.AspNetCore.Mvc.Infrastructure.ResourceInvoker.InvokeFilterPipelineAsync()
--- End of stack trace from previous location ---
   at Microsoft.AspNetCore.Mvc.Infrastructure.ResourceInvoker.<InvokeAsync>g__Awaited|17_0(ResourceInvoker invoker, Task task, IDisposable scope)
   at Microsoft.AspNetCore.Mvc.Infrastructure.ResourceInvoker.<InvokeAsync>g__Awaited|17_0(ResourceInvoker invoker, Task task, IDisposable scope)
   at SixLabors.ImageSharp.Web.Middleware.ImageSharpMiddleware.Invoke(HttpContext httpContext, Boolean retry)
   at Microsoft.AspNetCore.Authorization.AuthorizationMiddleware.Invoke(HttpContext context)
   at OrchardCore.Liquid.ScriptsMiddleware.Invoke(HttpContext httpContext)
   at Microsoft.AspNetCore.Authentication.AuthenticationMiddleware.Invoke(HttpContext context)
   at OrchardCore.Diagnostics.DiagnosticsStartupFilter.<>c__DisplayClass3_0.<<Configure>b__1>d.MoveNext()
--- End of stack trace from previous location ---
   at Microsoft.AspNetCore.Diagnostics.StatusCodePagesMiddleware.Invoke(HttpContext context)
   at OrchardCore.ContentPreview.PreviewStartupFilter.<>c.<<Configure>b__0_1>d.MoveNext()
--- End of stack trace from previous location ---
   at OrchardCore.Users.Services.ExternalAuthenticationsStartupFilter.<>c.<<Configure>b__0_1>d.MoveNext()
--- End of stack trace from previous location ---
   at OrchardCore.Modules.ModularTenantRouterMiddleware.Invoke(HttpContext httpContext)
   at OrchardCore.Modules.ModularTenantContainerMiddleware.<>c__DisplayClass4_0.<<Invoke>b__0>d.MoveNext()
--- End of stack trace from previous location ---
   at OrchardCore.Environment.Shell.Scope.ShellScope.UsingAsync(Func`2 execute, Boolean activateShell)
   at OrchardCore.Environment.Shell.Scope.ShellScope.UsingAsync(Func`2 execute, Boolean activateShell)
   at OrchardCore.Environment.Shell.Scope.ShellScope.UsingAsync(Func`2 execute, Boolean activateShell)
   at OrchardCore.Environment.Shell.Scope.ShellScope.UsingAsync(Func`2 execute, Boolean activateShell)
   at OrchardCore.Environment.Shell.Scope.ShellScope.UsingAsync(Func`2 execute, Boolean activateShell)
   at OrchardCore.Modules.ModularTenantContainerMiddleware.Invoke(HttpContext httpContext)
   at Microsoft.AspNetCore.Authentication.AuthenticationMiddleware.Invoke(HttpContext context)
   at Microsoft.AspNetCore.Diagnostics.DeveloperExceptionPageMiddlewareImpl.Invoke(HttpContext context)    at System.Text.Json.ThrowHelper.ReThrowWithPath(ReadStack& state, JsonReaderException ex)
   at System.Text.Json.Serialization.JsonConverter`1.ReadCore(Utf8JsonReader& reader, JsonSerializerOptions options, ReadStack& state)
   at System.Text.Json.JsonSerializer.ReadFromSpan[TValue](ReadOnlySpan`1 json, JsonTypeInfo`1 jsonTypeInfo)
   at System.Text.Json.JsonSerializer.Deserialize[TValue](String json, JsonSerializerOptions options)
   at OrchardCore.Search.Lucene.Controllers.AdminController.<>c__DisplayClass28_0.<<Query>b__0>d.MoveNext()
--- End of stack trace from previous location ---
   at OrchardCore.Search.Lucene.LuceneIndexManager.SearchAsync(String indexName, Func`2 searcher)
   at OrchardCore.Search.Lucene.Controllers.AdminController.Query(AdminQueryViewModel model)
   at Microsoft.AspNetCore.Mvc.Infrastructure.ActionMethodExecutor.TaskOfIActionResultExecutor.Execute(ActionContext actionContext, IActionResultTypeMapper mapper, ObjectMethodExecutor executor, Object controller, Object[] arguments)
   at Microsoft.AspNetCore.Mvc.Infrastructure.ControllerActionInvoker.<InvokeActionMethodAsync>g__Awaited|12_0(ControllerActionInvoker invoker, ValueTask`1 actionResultValueTask)
   at Microsoft.AspNetCore.Mvc.Infrastructure.ControllerActionInvoker.<InvokeNextActionFilterAsync>g__Awaited|10_0(ControllerActionInvoker invoker, Task lastTask, State next, Scope scope, Object state, Boolean isCompleted)
   at Microsoft.AspNetCore.Mvc.Infrastructure.ControllerActionInvoker.Rethrow(ActionExecutedContextSealed context)
   at Microsoft.AspNetCore.Mvc.Infrastructure.ControllerActionInvoker.Next(State& next, Scope& scope, Object& state, Boolean& isCompleted)
   at Microsoft.AspNetCore.Mvc.Infrastructure.ControllerActionInvoker.InvokeInnerFilterAsync()
--- End of stack trace from previous location ---
   at Microsoft.AspNetCore.Mvc.Infrastructure.ResourceInvoker.<InvokeNextResourceFilter>g__Awaited|25_0(ResourceInvoker invoker, Task lastTask, State next, Scope scope, Object state, Boolean isCompleted)
   at Microsoft.AspNetCore.Mvc.Infrastructure.ResourceInvoker.Rethrow(ResourceExecutedContextSealed context)
   at Microsoft.AspNetCore.Mvc.Infrastructure.ResourceInvoker.Next(State& next, Scope& scope, Object& state, Boolean& isCompleted)
   at Microsoft.AspNetCore.Mvc.Infrastructure.ResourceInvoker.InvokeFilterPipelineAsync()
--- End of stack trace from previous location ---
   at Microsoft.AspNetCore.Mvc.Infrastructure.ResourceInvoker.<InvokeAsync>g__Awaited|17_0(ResourceInvoker invoker, Task task, IDisposable scope)
   at Microsoft.AspNetCore.Mvc.Infrastructure.ResourceInvoker.<InvokeAsync>g__Awaited|17_0(ResourceInvoker invoker, Task task, IDisposable scope)
   at SixLabors.ImageSharp.Web.Middleware.ImageSharpMiddleware.Invoke(HttpContext httpContext, Boolean retry)
   at Microsoft.AspNetCore.Authorization.AuthorizationMiddleware.Invoke(HttpContext context)
   at OrchardCore.Liquid.ScriptsMiddleware.Invoke(HttpContext httpContext)
   at Microsoft.AspNetCore.Authentication.AuthenticationMiddleware.Invoke(HttpContext context)
   at OrchardCore.Diagnostics.DiagnosticsStartupFilter.<>c__DisplayClass3_0.<<Configure>b__1>d.MoveNext()
--- End of stack trace from previous location ---
   at Microsoft.AspNetCore.Diagnostics.StatusCodePagesMiddleware.Invoke(HttpContext context)
   at OrchardCore.ContentPreview.PreviewStartupFilter.<>c.<<Configure>b__0_1>d.MoveNext()
--- End of stack trace from previous location ---
   at OrchardCore.Users.Services.ExternalAuthenticationsStartupFilter.<>c.<<Configure>b__0_1>d.MoveNext()
--- End of stack trace from previous location ---
   at OrchardCore.Modules.ModularTenantRouterMiddleware.Invoke(HttpContext httpContext)
   at OrchardCore.Modules.ModularTenantContainerMiddleware.<>c__DisplayClass4_0.<<Invoke>b__0>d.MoveNext()
--- End of stack trace from previous location ---
   at OrchardCore.Environment.Shell.Scope.ShellScope.UsingAsync(Func`2 execute, Boolean activateShell)
   at OrchardCore.Environment.Shell.Scope.ShellScope.UsingAsync(Func`2 execute, Boolean activateShell)
   at OrchardCore.Environment.Shell.Scope.ShellScope.UsingAsync(Func`2 execute, Boolean activateShell)
   at OrchardCore.Environment.Shell.Scope.ShellScope.UsingAsync(Func`2 execute, Boolean activateShell)
   at OrchardCore.Environment.Shell.Scope.ShellScope.UsingAsync(Func`2 execute, Boolean activateShell)
   at OrchardCore.Modules.ModularTenantContainerMiddleware.Invoke(HttpContext httpContext)
   at Microsoft.AspNetCore.Authentication.AuthenticationMiddleware.Invoke(HttpContext context)
   at Microsoft.AspNetCore.Diagnostics.DeveloperExceptionPageMiddlewareImpl.Invoke(HttpContext context)
2025-11-13 14:23:30.4621|Default|00-243d79205e51b67bb25c0e4c90c5bc05-c8b0372c09160407-00||OrchardCore.Search.Lucene.Controllers.AdminController|ERROR|Error while executing query System.NullReferenceException: Object reference not set to an instance of an object.
   at OrchardCore.Search.Lucene.LuceneQueryService.SearchAsync(LuceneQueryContext context, JsonObject queryObj)
   at OrchardCore.Search.Lucene.Controllers.AdminController.<>c__DisplayClass28_0.<<Query>b__0>d.MoveNext()    at OrchardCore.Search.Lucene.LuceneQueryService.SearchAsync(LuceneQueryContext context, JsonObject queryObj)
   at OrchardCore.Search.Lucene.Controllers.AdminController.<>c__DisplayClass28_0.<<Query>b__0>d.MoveNext()
2025-11-13 14:24:00.2639|Default|00-8c806a20657cbe52bd4aa501f420a083-7646146877795579-00||OrchardCore.Search.Lucene.Controllers.AdminController|ERROR|Error while executing query System.NullReferenceException: Object reference not set to an instance of an object.
   at OrchardCore.Search.Lucene.LuceneQueryService.SearchAsync(LuceneQueryContext context, JsonObject queryObj)
   at OrchardCore.Search.Lucene.Controllers.AdminController.<>c__DisplayClass28_0.<<Query>b__0>d.MoveNext()    at OrchardCore.Search.Lucene.LuceneQueryService.SearchAsync(LuceneQueryContext context, JsonObject queryObj)
   at OrchardCore.Search.Lucene.Controllers.AdminController.<>c__DisplayClass28_0.<<Query>b__0>d.MoveNext()
2025-11-13 14:24:19.1599|Default|00-b645ed056f6c65279eccf10cb29f3d97-86c9a7eef656a053-00||OrchardCore.Search.Lucene.Controllers.AdminController|ERROR|Error while executing query System.NullReferenceException: Object reference not set to an instance of an object.
   at OrchardCore.Search.Lucene.LuceneQueryService.SearchAsync(LuceneQueryContext context, JsonObject queryObj)
   at OrchardCore.Search.Lucene.Controllers.AdminController.<>c__DisplayClass28_0.<<Query>b__0>d.MoveNext()    at OrchardCore.Search.Lucene.LuceneQueryService.SearchAsync(LuceneQueryContext context, JsonObject queryObj)
   at OrchardCore.Search.Lucene.Controllers.AdminController.<>c__DisplayClass28_0.<<Query>b__0>d.MoveNext()
2025-11-13 14:24:24.7561|Default|00-5345d092fe20dbcddeef346aa88b5eab-166d73afb5e6e42f-00|1|Microsoft.AspNetCore.Diagnostics.DeveloperExceptionPageMiddleware|ERROR|An unhandled exception has occurred while executing the request. System.Text.Json.JsonException: 'N' is an invalid start of a property name. Expected a '"'. Path: $ | LineNumber: 0 | BytePositionInLine: 2.
 ---> System.Text.Json.JsonReaderException: 'N' is an invalid start of a property name. Expected a '"'. LineNumber: 0 | BytePositionInLine: 2.
   at System.Text.Json.ThrowHelper.ThrowJsonReaderException(Utf8JsonReader& json, ExceptionResource resource, Byte nextByte, ReadOnlySpan`1 bytes)
   at System.Text.Json.Utf8JsonReader.ReadSingleSegment()
   at System.Text.Json.Serialization.JsonDictionaryConverter`3.OnTryRead(Utf8JsonReader& reader, Type typeToConvert, JsonSerializerOptions options, ReadStack& state, TDictionary& value)
   at System.Text.Json.Serialization.JsonConverter`1.TryRead(Utf8JsonReader& reader, Type typeToConvert, JsonSerializerOptions options, ReadStack& state, T& value, Boolean& isPopulatedValue)
   at System.Text.Json.Serialization.JsonConverter`1.ReadCore(Utf8JsonReader& reader, JsonSerializerOptions options, ReadStack& state)
   --- End of inner exception stack trace ---
   at System.Text.Json.ThrowHelper.ReThrowWithPath(ReadStack& state, JsonReaderException ex)
   at System.Text.Json.Serialization.JsonConverter`1.ReadCore(Utf8JsonReader& reader, JsonSerializerOptions options, ReadStack& state)
   at System.Text.Json.JsonSerializer.ReadFromSpan[TValue](ReadOnlySpan`1 json, JsonTypeInfo`1 jsonTypeInfo)
   at System.Text.Json.JsonSerializer.Deserialize[TValue](String json, JsonSerializerOptions options)
   at OrchardCore.Search.Lucene.Controllers.AdminController.<>c__DisplayClass28_0.<<Query>b__0>d.MoveNext()
--- End of stack trace from previous location ---
   at OrchardCore.Search.Lucene.LuceneIndexManager.SearchAsync(String indexName, Func`2 searcher)
   at OrchardCore.Search.Lucene.Controllers.AdminController.Query(AdminQueryViewModel model)
   at Microsoft.AspNetCore.Mvc.Infrastructure.ActionMethodExecutor.TaskOfIActionResultExecutor.Execute(ActionContext actionContext, IActionResultTypeMapper mapper, ObjectMethodExecutor executor, Object controller, Object[] arguments)
   at Microsoft.AspNetCore.Mvc.Infrastructure.ControllerActionInvoker.<InvokeActionMethodAsync>g__Awaited|12_0(ControllerActionInvoker invoker, ValueTask`1 actionResultValueTask)
   at Microsoft.AspNetCore.Mvc.Infrastructure.ControllerActionInvoker.<InvokeNextActionFilterAsync>g__Awaited|10_0(ControllerActionInvoker invoker, Task lastTask, State next, Scope scope, Object state, Boolean isCompleted)
   at Microsoft.AspNetCore.Mvc.Infrastructure.ControllerActionInvoker.Rethrow(ActionExecutedContextSealed context)
   at Microsoft.AspNetCore.Mvc.Infrastructure.ControllerActionInvoker.Next(State& next, Scope& scope, Object& state, Boolean& isCompleted)
   at Microsoft.AspNetCore.Mvc.Infrastructure.ControllerActionInvoker.InvokeInnerFilterAsync()
--- End of stack trace from previous location ---
   at Microsoft.AspNetCore.Mvc.Infrastructure.ResourceInvoker.<InvokeNextResourceFilter>g__Awaited|25_0(ResourceInvoker invoker, Task lastTask, State next, Scope scope, Object state, Boolean isCompleted)
   at Microsoft.AspNetCore.Mvc.Infrastructure.ResourceInvoker.Rethrow(ResourceExecutedContextSealed context)
   at Microsoft.AspNetCore.Mvc.Infrastructure.ResourceInvoker.Next(State& next, Scope& scope, Object& state, Boolean& isCompleted)
   at Microsoft.AspNetCore.Mvc.Infrastructure.ResourceInvoker.InvokeFilterPipelineAsync()
--- End of stack trace from previous location ---
   at Microsoft.AspNetCore.Mvc.Infrastructure.ResourceInvoker.<InvokeAsync>g__Awaited|17_0(ResourceInvoker invoker, Task task, IDisposable scope)
   at Microsoft.AspNetCore.Mvc.Infrastructure.ResourceInvoker.<InvokeAsync>g__Awaited|17_0(ResourceInvoker invoker, Task task, IDisposable scope)
   at SixLabors.ImageSharp.Web.Middleware.ImageSharpMiddleware.Invoke(HttpContext httpContext, Boolean retry)
   at Microsoft.AspNetCore.Authorization.AuthorizationMiddleware.Invoke(HttpContext context)
   at OrchardCore.Liquid.ScriptsMiddleware.Invoke(HttpContext httpContext)
   at Microsoft.AspNetCore.Authentication.AuthenticationMiddleware.Invoke(HttpContext context)
   at OrchardCore.Diagnostics.DiagnosticsStartupFilter.<>c__DisplayClass3_0.<<Configure>b__1>d.MoveNext()
--- End of stack trace from previous location ---
   at Microsoft.AspNetCore.Diagnostics.StatusCodePagesMiddleware.Invoke(HttpContext context)
   at OrchardCore.ContentPreview.PreviewStartupFilter.<>c.<<Configure>b__0_1>d.MoveNext()
--- End of stack trace from previous location ---
   at OrchardCore.Users.Services.ExternalAuthenticationsStartupFilter.<>c.<<Configure>b__0_1>d.MoveNext()
--- End of stack trace from previous location ---
   at OrchardCore.Modules.ModularTenantRouterMiddleware.Invoke(HttpContext httpContext)
   at OrchardCore.Modules.ModularTenantContainerMiddleware.<>c__DisplayClass4_0.<<Invoke>b__0>d.MoveNext()
--- End of stack trace from previous location ---
   at OrchardCore.Environment.Shell.Scope.ShellScope.UsingAsync(Func`2 execute, Boolean activateShell)
   at OrchardCore.Environment.Shell.Scope.ShellScope.UsingAsync(Func`2 execute, Boolean activateShell)
   at OrchardCore.Environment.Shell.Scope.ShellScope.UsingAsync(Func`2 execute, Boolean activateShell)
   at OrchardCore.Environment.Shell.Scope.ShellScope.UsingAsync(Func`2 execute, Boolean activateShell)
   at OrchardCore.Environment.Shell.Scope.ShellScope.UsingAsync(Func`2 execute, Boolean activateShell)
   at OrchardCore.Modules.ModularTenantContainerMiddleware.Invoke(HttpContext httpContext)
   at Microsoft.AspNetCore.Authentication.AuthenticationMiddleware.Invoke(HttpContext context)
   at Microsoft.AspNetCore.Diagnostics.DeveloperExceptionPageMiddlewareImpl.Invoke(HttpContext context)    at System.Text.Json.ThrowHelper.ReThrowWithPath(ReadStack& state, JsonReaderException ex)
   at System.Text.Json.Serialization.JsonConverter`1.ReadCore(Utf8JsonReader& reader, JsonSerializerOptions options, ReadStack& state)
   at System.Text.Json.JsonSerializer.ReadFromSpan[TValue](ReadOnlySpan`1 json, JsonTypeInfo`1 jsonTypeInfo)
   at System.Text.Json.JsonSerializer.Deserialize[TValue](String json, JsonSerializerOptions options)
   at OrchardCore.Search.Lucene.Controllers.AdminController.<>c__DisplayClass28_0.<<Query>b__0>d.MoveNext()
--- End of stack trace from previous location ---
   at OrchardCore.Search.Lucene.LuceneIndexManager.SearchAsync(String indexName, Func`2 searcher)
   at OrchardCore.Search.Lucene.Controllers.AdminController.Query(AdminQueryViewModel model)
   at Microsoft.AspNetCore.Mvc.Infrastructure.ActionMethodExecutor.TaskOfIActionResultExecutor.Execute(ActionContext actionContext, IActionResultTypeMapper mapper, ObjectMethodExecutor executor, Object controller, Object[] arguments)
   at Microsoft.AspNetCore.Mvc.Infrastructure.ControllerActionInvoker.<InvokeActionMethodAsync>g__Awaited|12_0(ControllerActionInvoker invoker, ValueTask`1 actionResultValueTask)
   at Microsoft.AspNetCore.Mvc.Infrastructure.ControllerActionInvoker.<InvokeNextActionFilterAsync>g__Awaited|10_0(ControllerActionInvoker invoker, Task lastTask, State next, Scope scope, Object state, Boolean isCompleted)
   at Microsoft.AspNetCore.Mvc.Infrastructure.ControllerActionInvoker.Rethrow(ActionExecutedContextSealed context)
   at Microsoft.AspNetCore.Mvc.Infrastructure.ControllerActionInvoker.Next(State& next, Scope& scope, Object& state, Boolean& isCompleted)
   at Microsoft.AspNetCore.Mvc.Infrastructure.ControllerActionInvoker.InvokeInnerFilterAsync()
--- End of stack trace from previous location ---
   at Microsoft.AspNetCore.Mvc.Infrastructure.ResourceInvoker.<InvokeNextResourceFilter>g__Awaited|25_0(ResourceInvoker invoker, Task lastTask, State next, Scope scope, Object state, Boolean isCompleted)
   at Microsoft.AspNetCore.Mvc.Infrastructure.ResourceInvoker.Rethrow(ResourceExecutedContextSealed context)
   at Microsoft.AspNetCore.Mvc.Infrastructure.ResourceInvoker.Next(State& next, Scope& scope, Object& state, Boolean& isCompleted)
   at Microsoft.AspNetCore.Mvc.Infrastructure.ResourceInvoker.InvokeFilterPipelineAsync()
--- End of stack trace from previous location ---
   at Microsoft.AspNetCore.Mvc.Infrastructure.ResourceInvoker.<InvokeAsync>g__Awaited|17_0(ResourceInvoker invoker, Task task, IDisposable scope)
   at Microsoft.AspNetCore.Mvc.Infrastructure.ResourceInvoker.<InvokeAsync>g__Awaited|17_0(ResourceInvoker invoker, Task task, IDisposable scope)
   at SixLabors.ImageSharp.Web.Middleware.ImageSharpMiddleware.Invoke(HttpContext httpContext, Boolean retry)
   at Microsoft.AspNetCore.Authorization.AuthorizationMiddleware.Invoke(HttpContext context)
   at OrchardCore.Liquid.ScriptsMiddleware.Invoke(HttpContext httpContext)
   at Microsoft.AspNetCore.Authentication.AuthenticationMiddleware.Invoke(HttpContext context)
   at OrchardCore.Diagnostics.DiagnosticsStartupFilter.<>c__DisplayClass3_0.<<Configure>b__1>d.MoveNext()
--- End of stack trace from previous location ---
   at Microsoft.AspNetCore.Diagnostics.StatusCodePagesMiddleware.Invoke(HttpContext context)
   at OrchardCore.ContentPreview.PreviewStartupFilter.<>c.<<Configure>b__0_1>d.MoveNext()
--- End of stack trace from previous location ---
   at OrchardCore.Users.Services.ExternalAuthenticationsStartupFilter.<>c.<<Configure>b__0_1>d.MoveNext()
--- End of stack trace from previous location ---
   at OrchardCore.Modules.ModularTenantRouterMiddleware.Invoke(HttpContext httpContext)
   at OrchardCore.Modules.ModularTenantContainerMiddleware.<>c__DisplayClass4_0.<<Invoke>b__0>d.MoveNext()
--- End of stack trace from previous location ---
   at OrchardCore.Environment.Shell.Scope.ShellScope.UsingAsync(Func`2 execute, Boolean activateShell)
   at OrchardCore.Environment.Shell.Scope.ShellScope.UsingAsync(Func`2 execute, Boolean activateShell)
   at OrchardCore.Environment.Shell.Scope.ShellScope.UsingAsync(Func`2 execute, Boolean activateShell)
   at OrchardCore.Environment.Shell.Scope.ShellScope.UsingAsync(Func`2 execute, Boolean activateShell)
   at OrchardCore.Environment.Shell.Scope.ShellScope.UsingAsync(Func`2 execute, Boolean activateShell)
   at OrchardCore.Modules.ModularTenantContainerMiddleware.Invoke(HttpContext httpContext)
   at Microsoft.AspNetCore.Authentication.AuthenticationMiddleware.Invoke(HttpContext context)
   at Microsoft.AspNetCore.Diagnostics.DeveloperExceptionPageMiddlewareImpl.Invoke(HttpContext context)
2025-11-13 14:24:30.0108|Default|00-4e171ea832df626da4e7fb7ad53b530e-801889163ea70019-00||OrchardCore.Search.Lucene.Controllers.AdminController|ERROR|Error while executing query System.NullReferenceException: Object reference not set to an instance of an object.
   at OrchardCore.Search.Lucene.LuceneQueryService.SearchAsync(LuceneQueryContext context, JsonObject queryObj)
   at OrchardCore.Search.Lucene.Controllers.AdminController.<>c__DisplayClass28_0.<<Query>b__0>d.MoveNext()    at OrchardCore.Search.Lucene.LuceneQueryService.SearchAsync(LuceneQueryContext context, JsonObject queryObj)
   at OrchardCore.Search.Lucene.Controllers.AdminController.<>c__DisplayClass28_0.<<Query>b__0>d.MoveNext()
2025-11-13 14:24:52.6552|Default|00-9f9730ff8b4402a673e7976c11d1663e-bf29bb0a43ce2869-00||OrchardCore.Search.Lucene.Controllers.AdminController|ERROR|Error while executing query System.NullReferenceException: Object reference not set to an instance of an object.
   at OrchardCore.Search.Lucene.LuceneQueryService.SearchAsync(LuceneQueryContext context, JsonObject queryObj)
   at OrchardCore.Search.Lucene.Controllers.AdminController.<>c__DisplayClass28_0.<<Query>b__0>d.MoveNext()    at OrchardCore.Search.Lucene.LuceneQueryService.SearchAsync(LuceneQueryContext context, JsonObject queryObj)
   at OrchardCore.Search.Lucene.Controllers.AdminController.<>c__DisplayClass28_0.<<Query>b__0>d.MoveNext()
2025-11-13 14:24:56.5407|Default|00-2ad4ee427a8113c93205322afae53532-e7f9e2ced3e7c641-00|1|Microsoft.AspNetCore.Diagnostics.DeveloperExceptionPageMiddleware|ERROR|An unhandled exception has occurred while executing the request. System.Text.Json.JsonException: 'N' is an invalid start of a value. Path: $ | LineNumber: 0 | BytePositionInLine: 0.
 ---> System.Text.Json.JsonReaderException: 'N' is an invalid start of a value. LineNumber: 0 | BytePositionInLine: 0.
   at System.Text.Json.ThrowHelper.ThrowJsonReaderException(Utf8JsonReader& json, ExceptionResource resource, Byte nextByte, ReadOnlySpan`1 bytes)
   at System.Text.Json.Utf8JsonReader.ConsumeValue(Byte marker)
   at System.Text.Json.Utf8JsonReader.ReadFirstToken(Byte first)
   at System.Text.Json.Utf8JsonReader.ReadSingleSegment()
   at System.Text.Json.Serialization.JsonConverter`1.ReadCore(Utf8JsonReader& reader, JsonSerializerOptions options, ReadStack& state)
   --- End of inner exception stack trace ---
   at System.Text.Json.ThrowHelper.ReThrowWithPath(ReadStack& state, JsonReaderException ex)
   at System.Text.Json.Serialization.JsonConverter`1.ReadCore(Utf8JsonReader& reader, JsonSerializerOptions options, ReadStack& state)
   at System.Text.Json.JsonSerializer.ReadFromSpan[TValue](ReadOnlySpan`1 json, JsonTypeInfo`1 jsonTypeInfo)
   at System.Text.Json.JsonSerializer.Deserialize[TValue](String json, JsonSerializerOptions options)
   at OrchardCore.Search.Lucene.Controllers.AdminController.<>c__DisplayClass28_0.<<Query>b__0>d.MoveNext()
--- End of stack trace from previous location ---
   at OrchardCore.Search.Lucene.LuceneIndexManager.SearchAsync(String indexName, Func`2 searcher)
   at OrchardCore.Search.Lucene.Controllers.AdminController.Query(AdminQueryViewModel model)
   at Microsoft.AspNetCore.Mvc.Infrastructure.ActionMethodExecutor.TaskOfIActionResultExecutor.Execute(ActionContext actionContext, IActionResultTypeMapper mapper, ObjectMethodExecutor executor, Object controller, Object[] arguments)
   at Microsoft.AspNetCore.Mvc.Infrastructure.ControllerActionInvoker.<InvokeActionMethodAsync>g__Awaited|12_0(ControllerActionInvoker invoker, ValueTask`1 actionResultValueTask)
   at Microsoft.AspNetCore.Mvc.Infrastructure.ControllerActionInvoker.<InvokeNextActionFilterAsync>g__Awaited|10_0(ControllerActionInvoker invoker, Task lastTask, State next, Scope scope, Object state, Boolean isCompleted)
   at Microsoft.AspNetCore.Mvc.Infrastructure.ControllerActionInvoker.Rethrow(ActionExecutedContextSealed context)
   at Microsoft.AspNetCore.Mvc.Infrastructure.ControllerActionInvoker.Next(State& next, Scope& scope, Object& state, Boolean& isCompleted)
   at Microsoft.AspNetCore.Mvc.Infrastructure.ControllerActionInvoker.InvokeInnerFilterAsync()
--- End of stack trace from previous location ---
   at Microsoft.AspNetCore.Mvc.Infrastructure.ResourceInvoker.<InvokeNextResourceFilter>g__Awaited|25_0(ResourceInvoker invoker, Task lastTask, State next, Scope scope, Object state, Boolean isCompleted)
   at Microsoft.AspNetCore.Mvc.Infrastructure.ResourceInvoker.Rethrow(ResourceExecutedContextSealed context)
   at Microsoft.AspNetCore.Mvc.Infrastructure.ResourceInvoker.Next(State& next, Scope& scope, Object& state, Boolean& isCompleted)
   at Microsoft.AspNetCore.Mvc.Infrastructure.ResourceInvoker.InvokeFilterPipelineAsync()
--- End of stack trace from previous location ---
   at Microsoft.AspNetCore.Mvc.Infrastructure.ResourceInvoker.<InvokeAsync>g__Awaited|17_0(ResourceInvoker invoker, Task task, IDisposable scope)
   at Microsoft.AspNetCore.Mvc.Infrastructure.ResourceInvoker.<InvokeAsync>g__Awaited|17_0(ResourceInvoker invoker, Task task, IDisposable scope)
   at SixLabors.ImageSharp.Web.Middleware.ImageSharpMiddleware.Invoke(HttpContext httpContext, Boolean retry)
   at Microsoft.AspNetCore.Authorization.AuthorizationMiddleware.Invoke(HttpContext context)
   at OrchardCore.Liquid.ScriptsMiddleware.Invoke(HttpContext httpContext)
   at Microsoft.AspNetCore.Authentication.AuthenticationMiddleware.Invoke(HttpContext context)
   at OrchardCore.Diagnostics.DiagnosticsStartupFilter.<>c__DisplayClass3_0.<<Configure>b__1>d.MoveNext()
--- End of stack trace from previous location ---
   at Microsoft.AspNetCore.Diagnostics.StatusCodePagesMiddleware.Invoke(HttpContext context)
   at OrchardCore.ContentPreview.PreviewStartupFilter.<>c.<<Configure>b__0_1>d.MoveNext()
--- End of stack trace from previous location ---
   at OrchardCore.Users.Services.ExternalAuthenticationsStartupFilter.<>c.<<Configure>b__0_1>d.MoveNext()
--- End of stack trace from previous location ---
   at OrchardCore.Modules.ModularTenantRouterMiddleware.Invoke(HttpContext httpContext)
   at OrchardCore.Modules.ModularTenantContainerMiddleware.<>c__DisplayClass4_0.<<Invoke>b__0>d.MoveNext()
--- End of stack trace from previous location ---
   at OrchardCore.Environment.Shell.Scope.ShellScope.UsingAsync(Func`2 execute, Boolean activateShell)
   at OrchardCore.Environment.Shell.Scope.ShellScope.UsingAsync(Func`2 execute, Boolean activateShell)
   at OrchardCore.Environment.Shell.Scope.ShellScope.UsingAsync(Func`2 execute, Boolean activateShell)
   at OrchardCore.Environment.Shell.Scope.ShellScope.UsingAsync(Func`2 execute, Boolean activateShell)
   at OrchardCore.Environment.Shell.Scope.ShellScope.UsingAsync(Func`2 execute, Boolean activateShell)
   at OrchardCore.Modules.ModularTenantContainerMiddleware.Invoke(HttpContext httpContext)
   at Microsoft.AspNetCore.Authentication.AuthenticationMiddleware.Invoke(HttpContext context)
   at Microsoft.AspNetCore.Diagnostics.DeveloperExceptionPageMiddlewareImpl.Invoke(HttpContext context)    at System.Text.Json.ThrowHelper.ReThrowWithPath(ReadStack& state, JsonReaderException ex)
   at System.Text.Json.Serialization.JsonConverter`1.ReadCore(Utf8JsonReader& reader, JsonSerializerOptions options, ReadStack& state)
   at System.Text.Json.JsonSerializer.ReadFromSpan[TValue](ReadOnlySpan`1 json, JsonTypeInfo`1 jsonTypeInfo)
   at System.Text.Json.JsonSerializer.Deserialize[TValue](String json, JsonSerializerOptions options)
   at OrchardCore.Search.Lucene.Controllers.AdminController.<>c__DisplayClass28_0.<<Query>b__0>d.MoveNext()
--- End of stack trace from previous location ---
   at OrchardCore.Search.Lucene.LuceneIndexManager.SearchAsync(String indexName, Func`2 searcher)
   at OrchardCore.Search.Lucene.Controllers.AdminController.Query(AdminQueryViewModel model)
   at Microsoft.AspNetCore.Mvc.Infrastructure.ActionMethodExecutor.TaskOfIActionResultExecutor.Execute(ActionContext actionContext, IActionResultTypeMapper mapper, ObjectMethodExecutor executor, Object controller, Object[] arguments)
   at Microsoft.AspNetCore.Mvc.Infrastructure.ControllerActionInvoker.<InvokeActionMethodAsync>g__Awaited|12_0(ControllerActionInvoker invoker, ValueTask`1 actionResultValueTask)
   at Microsoft.AspNetCore.Mvc.Infrastructure.ControllerActionInvoker.<InvokeNextActionFilterAsync>g__Awaited|10_0(ControllerActionInvoker invoker, Task lastTask, State next, Scope scope, Object state, Boolean isCompleted)
   at Microsoft.AspNetCore.Mvc.Infrastructure.ControllerActionInvoker.Rethrow(ActionExecutedContextSealed context)
   at Microsoft.AspNetCore.Mvc.Infrastructure.ControllerActionInvoker.Next(State& next, Scope& scope, Object& state, Boolean& isCompleted)
   at Microsoft.AspNetCore.Mvc.Infrastructure.ControllerActionInvoker.InvokeInnerFilterAsync()
--- End of stack trace from previous location ---
   at Microsoft.AspNetCore.Mvc.Infrastructure.ResourceInvoker.<InvokeNextResourceFilter>g__Awaited|25_0(ResourceInvoker invoker, Task lastTask, State next, Scope scope, Object state, Boolean isCompleted)
   at Microsoft.AspNetCore.Mvc.Infrastructure.ResourceInvoker.Rethrow(ResourceExecutedContextSealed context)
   at Microsoft.AspNetCore.Mvc.Infrastructure.ResourceInvoker.Next(State& next, Scope& scope, Object& state, Boolean& isCompleted)
   at Microsoft.AspNetCore.Mvc.Infrastructure.ResourceInvoker.InvokeFilterPipelineAsync()
--- End of stack trace from previous location ---
   at Microsoft.AspNetCore.Mvc.Infrastructure.ResourceInvoker.<InvokeAsync>g__Awaited|17_0(ResourceInvoker invoker, Task task, IDisposable scope)
   at Microsoft.AspNetCore.Mvc.Infrastructure.ResourceInvoker.<InvokeAsync>g__Awaited|17_0(ResourceInvoker invoker, Task task, IDisposable scope)
   at SixLabors.ImageSharp.Web.Middleware.ImageSharpMiddleware.Invoke(HttpContext httpContext, Boolean retry)
   at Microsoft.AspNetCore.Authorization.AuthorizationMiddleware.Invoke(HttpContext context)
   at OrchardCore.Liquid.ScriptsMiddleware.Invoke(HttpContext httpContext)
   at Microsoft.AspNetCore.Authentication.AuthenticationMiddleware.Invoke(HttpContext context)
   at OrchardCore.Diagnostics.DiagnosticsStartupFilter.<>c__DisplayClass3_0.<<Configure>b__1>d.MoveNext()
--- End of stack trace from previous location ---
   at Microsoft.AspNetCore.Diagnostics.StatusCodePagesMiddleware.Invoke(HttpContext context)
   at OrchardCore.ContentPreview.PreviewStartupFilter.<>c.<<Configure>b__0_1>d.MoveNext()
--- End of stack trace from previous location ---
   at OrchardCore.Users.Services.ExternalAuthenticationsStartupFilter.<>c.<<Configure>b__0_1>d.MoveNext()
--- End of stack trace from previous location ---
   at OrchardCore.Modules.ModularTenantRouterMiddleware.Invoke(HttpContext httpContext)
   at OrchardCore.Modules.ModularTenantContainerMiddleware.<>c__DisplayClass4_0.<<Invoke>b__0>d.MoveNext()
--- End of stack trace from previous location ---
   at OrchardCore.Environment.Shell.Scope.ShellScope.UsingAsync(Func`2 execute, Boolean activateShell)
   at OrchardCore.Environment.Shell.Scope.ShellScope.UsingAsync(Func`2 execute, Boolean activateShell)
   at OrchardCore.Environment.Shell.Scope.ShellScope.UsingAsync(Func`2 execute, Boolean activateShell)
   at OrchardCore.Environment.Shell.Scope.ShellScope.UsingAsync(Func`2 execute, Boolean activateShell)
   at OrchardCore.Environment.Shell.Scope.ShellScope.UsingAsync(Func`2 execute, Boolean activateShell)
   at OrchardCore.Modules.ModularTenantContainerMiddleware.Invoke(HttpContext httpContext)
   at Microsoft.AspNetCore.Authentication.AuthenticationMiddleware.Invoke(HttpContext context)
   at Microsoft.AspNetCore.Diagnostics.DeveloperExceptionPageMiddlewareImpl.Invoke(HttpContext context)
2025-11-13 14:24:59.0853|Default|00-838d81c52c06b1cd49174c4e2a4794c9-15dff4efbf79d023-00||OrchardCore.Search.Lucene.Controllers.AdminController|ERROR|Error while executing query System.NullReferenceException: Object reference not set to an instance of an object.
   at OrchardCore.Search.Lucene.LuceneQueryService.SearchAsync(LuceneQueryContext context, JsonObject queryObj)
   at OrchardCore.Search.Lucene.Controllers.AdminController.<>c__DisplayClass28_0.<<Query>b__0>d.MoveNext()    at OrchardCore.Search.Lucene.LuceneQueryService.SearchAsync(LuceneQueryContext context, JsonObject queryObj)
   at OrchardCore.Search.Lucene.Controllers.AdminController.<>c__DisplayClass28_0.<<Query>b__0>d.MoveNext()
2025-11-13 14:26:05.7939|Default|00-fd156607c595ff9ecb0202e3965670eb-d7f531bfb3569539-00||OrchardCore.Search.Lucene.Controllers.AdminController|ERROR|Error while executing query System.NullReferenceException: Object reference not set to an instance of an object.
   at OrchardCore.Search.Lucene.LuceneQueryService.SearchAsync(LuceneQueryContext context, JsonObject queryObj)
   at OrchardCore.Search.Lucene.Controllers.AdminController.<>c__DisplayClass28_0.<<Query>b__0>d.MoveNext()    at OrchardCore.Search.Lucene.LuceneQueryService.SearchAsync(LuceneQueryContext context, JsonObject queryObj)
   at OrchardCore.Search.Lucene.Controllers.AdminController.<>c__DisplayClass28_0.<<Query>b__0>d.MoveNext()
2025-11-13 14:26:12.8610|Default|00-bc660aa23ebe0dfe935e06054b99d4e3-22ba4c75f82778bc-00||OrchardCore.Search.Lucene.Controllers.AdminController|ERROR|Error while executing query System.NullReferenceException: Object reference not set to an instance of an object.
   at OrchardCore.Search.Lucene.LuceneQueryService.SearchAsync(LuceneQueryContext context, JsonObject queryObj)
   at OrchardCore.Search.Lucene.Controllers.AdminController.<>c__DisplayClass28_0.<<Query>b__0>d.MoveNext()    at OrchardCore.Search.Lucene.LuceneQueryService.SearchAsync(LuceneQueryContext context, JsonObject queryObj)
   at OrchardCore.Search.Lucene.Controllers.AdminController.<>c__DisplayClass28_0.<<Query>b__0>d.MoveNext()
2025-11-13 14:27:09.2144|Default|00-a21e6147fd0bbf84c0f35b942b199253-a562c8e91c0e3b6e-00||OrchardCore.Search.Lucene.Controllers.AdminController|ERROR|Error while executing query System.NullReferenceException: Object reference not set to an instance of an object.
   at OrchardCore.Search.Lucene.LuceneQueryService.SearchAsync(LuceneQueryContext context, JsonObject queryObj)
   at OrchardCore.Search.Lucene.Controllers.AdminController.<>c__DisplayClass28_0.<<Query>b__0>d.MoveNext()    at OrchardCore.Search.Lucene.LuceneQueryService.SearchAsync(LuceneQueryContext context, JsonObject queryObj)
   at OrchardCore.Search.Lucene.Controllers.AdminController.<>c__DisplayClass28_0.<<Query>b__0>d.MoveNext()
2025-11-13 14:30:34.9224|Default|00-b434095c5e970e191287d96967ce9194-47a9d7718cc7cc1f-00||OrchardCore.Search.Lucene.Controllers.AdminController|ERROR|Error while executing query System.NullReferenceException: Object reference not set to an instance of an object.
   at OrchardCore.Search.Lucene.LuceneQueryService.SearchAsync(LuceneQueryContext context, JsonObject queryObj)
   at OrchardCore.Search.Lucene.Controllers.AdminController.<>c__DisplayClass28_0.<<Query>b__0>d.MoveNext()    at OrchardCore.Search.Lucene.LuceneQueryService.SearchAsync(LuceneQueryContext context, JsonObject queryObj)
   at OrchardCore.Search.Lucene.Controllers.AdminController.<>c__DisplayClass28_0.<<Query>b__0>d.MoveNext()
2025-11-13 14:30:55.6995|Default|00-f58f15eafcae26bc39a4d969d7fc4255-fd772dabe20c0379-00||OrchardCore.Search.Lucene.Controllers.AdminController|ERROR|Error while executing query System.NullReferenceException: Object reference not set to an instance of an object.
   at OrchardCore.Search.Lucene.LuceneQueryService.SearchAsync(LuceneQueryContext context, JsonObject queryObj)
   at OrchardCore.Search.Lucene.Controllers.AdminController.<>c__DisplayClass28_0.<<Query>b__0>d.MoveNext()    at OrchardCore.Search.Lucene.LuceneQueryService.SearchAsync(LuceneQueryContext context, JsonObject queryObj)
   at OrchardCore.Search.Lucene.Controllers.AdminController.<>c__DisplayClass28_0.<<Query>b__0>d.MoveNext()
2025-11-13 14:32:23.7360|Default|00-d7f084b687e21e2819ef5e4b17f1ce3a-4d1fddb2f20c9d21-00||OrchardCore.Search.Lucene.Controllers.AdminController|ERROR|Error while executing query System.NullReferenceException: Object reference not set to an instance of an object.
   at OrchardCore.Search.Lucene.LuceneQueryService.SearchAsync(LuceneQueryContext context, JsonObject queryObj)
   at OrchardCore.Search.Lucene.Controllers.AdminController.<>c__DisplayClass28_0.<<Query>b__0>d.MoveNext()    at OrchardCore.Search.Lucene.LuceneQueryService.SearchAsync(LuceneQueryContext context, JsonObject queryObj)
   at OrchardCore.Search.Lucene.Controllers.AdminController.<>c__DisplayClass28_0.<<Query>b__0>d.MoveNext()
2025-11-13 14:33:14.9041|Default|00-73e7e3f5d9e8d3d014c1ff56a8efeeeb-772a62dc2c847683-00||OrchardCore.Search.Lucene.Controllers.AdminController|ERROR|Error while executing query System.NullReferenceException: Object reference not set to an instance of an object.
   at OrchardCore.Search.Lucene.LuceneQueryService.SearchAsync(LuceneQueryContext context, JsonObject queryObj)
   at OrchardCore.Search.Lucene.Controllers.AdminController.<>c__DisplayClass28_0.<<Query>b__0>d.MoveNext()    at OrchardCore.Search.Lucene.LuceneQueryService.SearchAsync(LuceneQueryContext context, JsonObject queryObj)
   at OrchardCore.Search.Lucene.Controllers.AdminController.<>c__DisplayClass28_0.<<Query>b__0>d.MoveNext()
2025-11-13 14:34:15.5631|Default|00-3705c6d870e8d74e7c33d2d9fa90d833-b838501ee6f75aac-00||OrchardCore.Search.Lucene.Controllers.AdminController|ERROR|Error while executing query System.NullReferenceException: Object reference not set to an instance of an object.
   at OrchardCore.Search.Lucene.LuceneQueryService.SearchAsync(LuceneQueryContext context, JsonObject queryObj)
   at OrchardCore.Search.Lucene.Controllers.AdminController.<>c__DisplayClass28_0.<<Query>b__0>d.MoveNext()    at OrchardCore.Search.Lucene.LuceneQueryService.SearchAsync(LuceneQueryContext context, JsonObject queryObj)
   at OrchardCore.Search.Lucene.Controllers.AdminController.<>c__DisplayClass28_0.<<Query>b__0>d.MoveNext()
2025-11-13 14:34:39.1730|Default|00-83c9f36f4efc633da18a342da5e1a3f0-8eada820a3278bb7-00|1|Microsoft.AspNetCore.Diagnostics.DeveloperExceptionPageMiddleware|ERROR|An unhandled exception has occurred while executing the request. System.Text.Json.JsonException: '=' is invalid after a property name. Expected a ':'. Path: $ | LineNumber: 0 | BytePositionInLine: 15.
 ---> System.Text.Json.JsonReaderException: '=' is invalid after a property name. Expected a ':'. LineNumber: 0 | BytePositionInLine: 15.
   at System.Text.Json.ThrowHelper.ThrowJsonReaderException(Utf8JsonReader& json, ExceptionResource resource, Byte nextByte, ReadOnlySpan`1 bytes)
   at System.Text.Json.Utf8JsonReader.ConsumePropertyName()
   at System.Text.Json.Utf8JsonReader.ReadSingleSegment()
   at System.Text.Json.Serialization.JsonDictionaryConverter`3.OnTryRead(Utf8JsonReader& reader, Type typeToConvert, JsonSerializerOptions options, ReadStack& state, TDictionary& value)
   at System.Text.Json.Serialization.JsonConverter`1.TryRead(Utf8JsonReader& reader, Type typeToConvert, JsonSerializerOptions options, ReadStack& state, T& value, Boolean& isPopulatedValue)
   at System.Text.Json.Serialization.JsonConverter`1.ReadCore(Utf8JsonReader& reader, JsonSerializerOptions options, ReadStack& state)
   --- End of inner exception stack trace ---
   at System.Text.Json.ThrowHelper.ReThrowWithPath(ReadStack& state, JsonReaderException ex)
   at System.Text.Json.Serialization.JsonConverter`1.ReadCore(Utf8JsonReader& reader, JsonSerializerOptions options, ReadStack& state)
   at System.Text.Json.JsonSerializer.ReadFromSpan[TValue](ReadOnlySpan`1 json, JsonTypeInfo`1 jsonTypeInfo)
   at System.Text.Json.JsonSerializer.Deserialize[TValue](String json, JsonSerializerOptions options)
   at OrchardCore.Search.Lucene.Controllers.AdminController.<>c__DisplayClass28_0.<<Query>b__0>d.MoveNext()
--- End of stack trace from previous location ---
   at OrchardCore.Search.Lucene.LuceneIndexManager.SearchAsync(String indexName, Func`2 searcher)
   at OrchardCore.Search.Lucene.Controllers.AdminController.Query(AdminQueryViewModel model)
   at Microsoft.AspNetCore.Mvc.Infrastructure.ActionMethodExecutor.TaskOfIActionResultExecutor.Execute(ActionContext actionContext, IActionResultTypeMapper mapper, ObjectMethodExecutor executor, Object controller, Object[] arguments)
   at Microsoft.AspNetCore.Mvc.Infrastructure.ControllerActionInvoker.<InvokeActionMethodAsync>g__Awaited|12_0(ControllerActionInvoker invoker, ValueTask`1 actionResultValueTask)
   at Microsoft.AspNetCore.Mvc.Infrastructure.ControllerActionInvoker.<InvokeNextActionFilterAsync>g__Awaited|10_0(ControllerActionInvoker invoker, Task lastTask, State next, Scope scope, Object state, Boolean isCompleted)
   at Microsoft.AspNetCore.Mvc.Infrastructure.ControllerActionInvoker.Rethrow(ActionExecutedContextSealed context)
   at Microsoft.AspNetCore.Mvc.Infrastructure.ControllerActionInvoker.Next(State& next, Scope& scope, Object& state, Boolean& isCompleted)
   at Microsoft.AspNetCore.Mvc.Infrastructure.ControllerActionInvoker.InvokeInnerFilterAsync()
--- End of stack trace from previous location ---
   at Microsoft.AspNetCore.Mvc.Infrastructure.ResourceInvoker.<InvokeNextResourceFilter>g__Awaited|25_0(ResourceInvoker invoker, Task lastTask, State next, Scope scope, Object state, Boolean isCompleted)
   at Microsoft.AspNetCore.Mvc.Infrastructure.ResourceInvoker.Rethrow(ResourceExecutedContextSealed context)
   at Microsoft.AspNetCore.Mvc.Infrastructure.ResourceInvoker.Next(State& next, Scope& scope, Object& state, Boolean& isCompleted)
   at Microsoft.AspNetCore.Mvc.Infrastructure.ResourceInvoker.InvokeFilterPipelineAsync()
--- End of stack trace from previous location ---
   at Microsoft.AspNetCore.Mvc.Infrastructure.ResourceInvoker.<InvokeAsync>g__Awaited|17_0(ResourceInvoker invoker, Task task, IDisposable scope)
   at Microsoft.AspNetCore.Mvc.Infrastructure.ResourceInvoker.<InvokeAsync>g__Awaited|17_0(ResourceInvoker invoker, Task task, IDisposable scope)
   at SixLabors.ImageSharp.Web.Middleware.ImageSharpMiddleware.Invoke(HttpContext httpContext, Boolean retry)
   at Microsoft.AspNetCore.Authorization.AuthorizationMiddleware.Invoke(HttpContext context)
   at OrchardCore.Liquid.ScriptsMiddleware.Invoke(HttpContext httpContext)
   at Microsoft.AspNetCore.Authentication.AuthenticationMiddleware.Invoke(HttpContext context)
   at OrchardCore.Diagnostics.DiagnosticsStartupFilter.<>c__DisplayClass3_0.<<Configure>b__1>d.MoveNext()
--- End of stack trace from previous location ---
   at Microsoft.AspNetCore.Diagnostics.StatusCodePagesMiddleware.Invoke(HttpContext context)
   at OrchardCore.ContentPreview.PreviewStartupFilter.<>c.<<Configure>b__0_1>d.MoveNext()
--- End of stack trace from previous location ---
   at OrchardCore.Users.Services.ExternalAuthenticationsStartupFilter.<>c.<<Configure>b__0_1>d.MoveNext()
--- End of stack trace from previous location ---
   at OrchardCore.Modules.ModularTenantRouterMiddleware.Invoke(HttpContext httpContext)
   at OrchardCore.Modules.ModularTenantContainerMiddleware.<>c__DisplayClass4_0.<<Invoke>b__0>d.MoveNext()
--- End of stack trace from previous location ---
   at OrchardCore.Environment.Shell.Scope.ShellScope.UsingAsync(Func`2 execute, Boolean activateShell)
   at OrchardCore.Environment.Shell.Scope.ShellScope.UsingAsync(Func`2 execute, Boolean activateShell)
   at OrchardCore.Environment.Shell.Scope.ShellScope.UsingAsync(Func`2 execute, Boolean activateShell)
   at OrchardCore.Environment.Shell.Scope.ShellScope.UsingAsync(Func`2 execute, Boolean activateShell)
   at OrchardCore.Environment.Shell.Scope.ShellScope.UsingAsync(Func`2 execute, Boolean activateShell)
   at OrchardCore.Modules.ModularTenantContainerMiddleware.Invoke(HttpContext httpContext)
   at Microsoft.AspNetCore.Authentication.AuthenticationMiddleware.Invoke(HttpContext context)
   at Microsoft.AspNetCore.Diagnostics.DeveloperExceptionPageMiddlewareImpl.Invoke(HttpContext context)    at System.Text.Json.ThrowHelper.ReThrowWithPath(ReadStack& state, JsonReaderException ex)
   at System.Text.Json.Serialization.JsonConverter`1.ReadCore(Utf8JsonReader& reader, JsonSerializerOptions options, ReadStack& state)
   at System.Text.Json.JsonSerializer.ReadFromSpan[TValue](ReadOnlySpan`1 json, JsonTypeInfo`1 jsonTypeInfo)
   at System.Text.Json.JsonSerializer.Deserialize[TValue](String json, JsonSerializerOptions options)
   at OrchardCore.Search.Lucene.Controllers.AdminController.<>c__DisplayClass28_0.<<Query>b__0>d.MoveNext()
--- End of stack trace from previous location ---
   at OrchardCore.Search.Lucene.LuceneIndexManager.SearchAsync(String indexName, Func`2 searcher)
   at OrchardCore.Search.Lucene.Controllers.AdminController.Query(AdminQueryViewModel model)
   at Microsoft.AspNetCore.Mvc.Infrastructure.ActionMethodExecutor.TaskOfIActionResultExecutor.Execute(ActionContext actionContext, IActionResultTypeMapper mapper, ObjectMethodExecutor executor, Object controller, Object[] arguments)
   at Microsoft.AspNetCore.Mvc.Infrastructure.ControllerActionInvoker.<InvokeActionMethodAsync>g__Awaited|12_0(ControllerActionInvoker invoker, ValueTask`1 actionResultValueTask)
   at Microsoft.AspNetCore.Mvc.Infrastructure.ControllerActionInvoker.<InvokeNextActionFilterAsync>g__Awaited|10_0(ControllerActionInvoker invoker, Task lastTask, State next, Scope scope, Object state, Boolean isCompleted)
   at Microsoft.AspNetCore.Mvc.Infrastructure.ControllerActionInvoker.Rethrow(ActionExecutedContextSealed context)
   at Microsoft.AspNetCore.Mvc.Infrastructure.ControllerActionInvoker.Next(State& next, Scope& scope, Object& state, Boolean& isCompleted)
   at Microsoft.AspNetCore.Mvc.Infrastructure.ControllerActionInvoker.InvokeInnerFilterAsync()
--- End of stack trace from previous location ---
   at Microsoft.AspNetCore.Mvc.Infrastructure.ResourceInvoker.<InvokeNextResourceFilter>g__Awaited|25_0(ResourceInvoker invoker, Task lastTask, State next, Scope scope, Object state, Boolean isCompleted)
   at Microsoft.AspNetCore.Mvc.Infrastructure.ResourceInvoker.Rethrow(ResourceExecutedContextSealed context)
   at Microsoft.AspNetCore.Mvc.Infrastructure.ResourceInvoker.Next(State& next, Scope& scope, Object& state, Boolean& isCompleted)
   at Microsoft.AspNetCore.Mvc.Infrastructure.ResourceInvoker.InvokeFilterPipelineAsync()
--- End of stack trace from previous location ---
   at Microsoft.AspNetCore.Mvc.Infrastructure.ResourceInvoker.<InvokeAsync>g__Awaited|17_0(ResourceInvoker invoker, Task task, IDisposable scope)
   at Microsoft.AspNetCore.Mvc.Infrastructure.ResourceInvoker.<InvokeAsync>g__Awaited|17_0(ResourceInvoker invoker, Task task, IDisposable scope)
   at SixLabors.ImageSharp.Web.Middleware.ImageSharpMiddleware.Invoke(HttpContext httpContext, Boolean retry)
   at Microsoft.AspNetCore.Authorization.AuthorizationMiddleware.Invoke(HttpContext context)
   at OrchardCore.Liquid.ScriptsMiddleware.Invoke(HttpContext httpContext)
   at Microsoft.AspNetCore.Authentication.AuthenticationMiddleware.Invoke(HttpContext context)
   at OrchardCore.Diagnostics.DiagnosticsStartupFilter.<>c__DisplayClass3_0.<<Configure>b__1>d.MoveNext()
--- End of stack trace from previous location ---
   at Microsoft.AspNetCore.Diagnostics.StatusCodePagesMiddleware.Invoke(HttpContext context)
   at OrchardCore.ContentPreview.PreviewStartupFilter.<>c.<<Configure>b__0_1>d.MoveNext()
--- End of stack trace from previous location ---
   at OrchardCore.Users.Services.ExternalAuthenticationsStartupFilter.<>c.<<Configure>b__0_1>d.MoveNext()
--- End of stack trace from previous location ---
   at OrchardCore.Modules.ModularTenantRouterMiddleware.Invoke(HttpContext httpContext)
   at OrchardCore.Modules.ModularTenantContainerMiddleware.<>c__DisplayClass4_0.<<Invoke>b__0>d.MoveNext()
--- End of stack trace from previous location ---
   at OrchardCore.Environment.Shell.Scope.ShellScope.UsingAsync(Func`2 execute, Boolean activateShell)
   at OrchardCore.Environment.Shell.Scope.ShellScope.UsingAsync(Func`2 execute, Boolean activateShell)
   at OrchardCore.Environment.Shell.Scope.ShellScope.UsingAsync(Func`2 execute, Boolean activateShell)
   at OrchardCore.Environment.Shell.Scope.ShellScope.UsingAsync(Func`2 execute, Boolean activateShell)
   at OrchardCore.Environment.Shell.Scope.ShellScope.UsingAsync(Func`2 execute, Boolean activateShell)
   at OrchardCore.Modules.ModularTenantContainerMiddleware.Invoke(HttpContext httpContext)
   at Microsoft.AspNetCore.Authentication.AuthenticationMiddleware.Invoke(HttpContext context)
   at Microsoft.AspNetCore.Diagnostics.DeveloperExceptionPageMiddlewareImpl.Invoke(HttpContext context)
2025-11-13 14:34:49.5216|Default|00-a5ffa83afb22a16944ce08e243ec6ab6-e3bed7d5c538e75d-00||OrchardCore.Search.Lucene.Controllers.AdminController|ERROR|Error while executing query System.NullReferenceException: Object reference not set to an instance of an object.
   at OrchardCore.Search.Lucene.LuceneQueryService.SearchAsync(LuceneQueryContext context, JsonObject queryObj)
   at OrchardCore.Search.Lucene.Controllers.AdminController.<>c__DisplayClass28_0.<<Query>b__0>d.MoveNext()    at OrchardCore.Search.Lucene.LuceneQueryService.SearchAsync(LuceneQueryContext context, JsonObject queryObj)
   at OrchardCore.Search.Lucene.Controllers.AdminController.<>c__DisplayClass28_0.<<Query>b__0>d.MoveNext()
2025-11-13 14:35:08.2883|Default|00-1d98a5f2db99f8c676dd0d08f6529d06-79c69d6866d93c75-00||OrchardCore.Search.Lucene.Controllers.AdminController|ERROR|Error while executing query System.NullReferenceException: Object reference not set to an instance of an object.
   at OrchardCore.Search.Lucene.LuceneQueryService.SearchAsync(LuceneQueryContext context, JsonObject queryObj)
   at OrchardCore.Search.Lucene.Controllers.AdminController.<>c__DisplayClass28_0.<<Query>b__0>d.MoveNext()    at OrchardCore.Search.Lucene.LuceneQueryService.SearchAsync(LuceneQueryContext context, JsonObject queryObj)
   at OrchardCore.Search.Lucene.Controllers.AdminController.<>c__DisplayClass28_0.<<Query>b__0>d.MoveNext()
2025-11-13 14:35:29.0060|Default|00-3ea9d600c362d6d483a44ac24fdbf6b5-49eed32c8ded337c-00||OrchardCore.Search.Lucene.Controllers.AdminController|ERROR|Error while executing query System.NullReferenceException: Object reference not set to an instance of an object.
   at OrchardCore.Search.Lucene.LuceneQueryService.SearchAsync(LuceneQueryContext context, JsonObject queryObj)
   at OrchardCore.Search.Lucene.Controllers.AdminController.<>c__DisplayClass28_0.<<Query>b__0>d.MoveNext()    at OrchardCore.Search.Lucene.LuceneQueryService.SearchAsync(LuceneQueryContext context, JsonObject queryObj)
   at OrchardCore.Search.Lucene.Controllers.AdminController.<>c__DisplayClass28_0.<<Query>b__0>d.MoveNext()
2025-11-13 14:36:40.1832|Default|00-af5f3332568a8902d650a82bc18036be-ccc81c6039e0e753-00||OrchardCore.Search.Lucene.Controllers.AdminController|ERROR|Error while executing query System.NullReferenceException: Object reference not set to an instance of an object.
   at OrchardCore.Search.Lucene.LuceneQueryService.SearchAsync(LuceneQueryContext context, JsonObject queryObj)
   at OrchardCore.Search.Lucene.Controllers.AdminController.<>c__DisplayClass28_0.<<Query>b__0>d.MoveNext()    at OrchardCore.Search.Lucene.LuceneQueryService.SearchAsync(LuceneQueryContext context, JsonObject queryObj)
   at OrchardCore.Search.Lucene.Controllers.AdminController.<>c__DisplayClass28_0.<<Query>b__0>d.MoveNext()
2025-11-13 14:37:02.1466|Default|00-67e48660f63c637c19c42e75d174df15-3087433c0d732691-00||OrchardCore.Search.Lucene.Controllers.AdminController|ERROR|Error while executing query System.NullReferenceException: Object reference not set to an instance of an object.
   at OrchardCore.Search.Lucene.LuceneQueryService.SearchAsync(LuceneQueryContext context, JsonObject queryObj)
   at OrchardCore.Search.Lucene.Controllers.AdminController.<>c__DisplayClass28_0.<<Query>b__0>d.MoveNext()    at OrchardCore.Search.Lucene.LuceneQueryService.SearchAsync(LuceneQueryContext context, JsonObject queryObj)
   at OrchardCore.Search.Lucene.Controllers.AdminController.<>c__DisplayClass28_0.<<Query>b__0>d.MoveNext()
2025-11-13 14:38:40.3482|Default|00-ff4ff272ba1d1b95103128c567b27922-f405deba9489965f-00||OrchardCore.Search.Lucene.Controllers.AdminController|ERROR|Error while executing query System.NullReferenceException: Object reference not set to an instance of an object.
   at OrchardCore.Search.Lucene.LuceneQueryService.SearchAsync(LuceneQueryContext context, JsonObject queryObj)
   at OrchardCore.Search.Lucene.Controllers.AdminController.<>c__DisplayClass28_0.<<Query>b__0>d.MoveNext()    at OrchardCore.Search.Lucene.LuceneQueryService.SearchAsync(LuceneQueryContext context, JsonObject queryObj)
   at OrchardCore.Search.Lucene.Controllers.AdminController.<>c__DisplayClass28_0.<<Query>b__0>d.MoveNext()
2025-11-13 14:40:02.2808|Default|00-157fbe698237d9a95edab2dafc5e1114-3f7aab8d821508fd-00||OrchardCore.Search.Lucene.Controllers.AdminController|ERROR|Error while executing query System.NullReferenceException: Object reference not set to an instance of an object.
   at OrchardCore.Search.Lucene.LuceneQueryService.SearchAsync(LuceneQueryContext context, JsonObject queryObj)
   at OrchardCore.Search.Lucene.Controllers.AdminController.<>c__DisplayClass28_0.<<Query>b__0>d.MoveNext()    at OrchardCore.Search.Lucene.LuceneQueryService.SearchAsync(LuceneQueryContext context, JsonObject queryObj)
   at OrchardCore.Search.Lucene.Controllers.AdminController.<>c__DisplayClass28_0.<<Query>b__0>d.MoveNext()
2025-11-13 14:45:08.1682|Default|00-96b189b4f84965869826630c54c95e67-470620b0431aa8b7-00||OrchardCore.Search.Lucene.Controllers.AdminController|ERROR|Error while executing query System.NullReferenceException: Object reference not set to an instance of an object.
   at OrchardCore.Search.Lucene.LuceneQueryService.SearchAsync(LuceneQueryContext context, JsonObject queryObj)
   at OrchardCore.Search.Lucene.Controllers.AdminController.<>c__DisplayClass28_0.<<Query>b__0>d.MoveNext()    at OrchardCore.Search.Lucene.LuceneQueryService.SearchAsync(LuceneQueryContext context, JsonObject queryObj)
   at OrchardCore.Search.Lucene.Controllers.AdminController.<>c__DisplayClass28_0.<<Query>b__0>d.MoveNext()
2025-11-13 14:50:48.4773|Default|00-7cd9158a4c13a421a43fc8eeb5cf1181-64c0d90ebcdd3363-00||OrchardCore.Search.Lucene.Controllers.AdminController|ERROR|Error while executing query System.NullReferenceException: Object reference not set to an instance of an object.
   at OrchardCore.Search.Lucene.LuceneQueryService.SearchAsync(LuceneQueryContext context, JsonObject queryObj)
   at OrchardCore.Search.Lucene.Controllers.AdminController.<>c__DisplayClass28_0.<<Query>b__0>d.MoveNext()    at OrchardCore.Search.Lucene.LuceneQueryService.SearchAsync(LuceneQueryContext context, JsonObject queryObj)
   at OrchardCore.Search.Lucene.Controllers.AdminController.<>c__DisplayClass28_0.<<Query>b__0>d.MoveNext()
2025-11-13 15:16:56.7771||||Microsoft.Hosting.Lifetime|INFO|Application started. Press Ctrl+C to shut down. 
2025-11-13 15:16:56.8402||||Microsoft.Hosting.Lifetime|INFO|Hosting environment: Development 
2025-11-13 15:16:56.8402||||Microsoft.Hosting.Lifetime|INFO|Content root path: C:\Users\MP\source\repos\OrchardCore.Cms.Web1\OrchardCore.Cms.Web1 
2025-11-13 15:20:37.2131||||Microsoft.Hosting.Lifetime|INFO|Application started. Press Ctrl+C to shut down. 
2025-11-13 15:20:37.3464||||Microsoft.Hosting.Lifetime|INFO|Hosting environment: Development 
2025-11-13 15:20:37.3539||||Microsoft.Hosting.Lifetime|INFO|Content root path: C:\Users\MP\source\repos\OrchardCore.Cms.Web1\OrchardCore.Cms.Web1 
2025-11-13 15:46:32.7532|Default|00-7dd52df4f9cc8c31ae3fd20976fbd87f-c0ff62968c63d578-00||OrchardCore.Search.Lucene.Services.LuceneSearchService|WARN|Lucene: Couldn't execute search. Lucene has not been configured yet. 
